#
# A fatal error has been detected by the Java Runtime Environment:
#
#  Internal Error (os_windows_x86.cpp:114), pid=6356, tid=10572
#  Error: guarantee(result == -1,"Unexpected result from topLevelExceptionFilter")
#
# JRE version: 6.0_17-b04
# Java VM: Java HotSpot(TM) 64-Bit Server VM (14.3-b01 mixed mode windows-amd64 )
# If you would like to submit a bug report, please visit:
#   http://java.sun.com/webapps/bugreport/crash.jsp
# The crash happened outside the Java Virtual Machine in native code.
# See problematic frame for where to report the bug.
#

---------------  T H R E A D  ---------------

Current thread (0x000000000932c000):  JavaThread "main" [_thread_in_native, id=10572, stack(0x0000000001200000,0x0000000005200000)]

Stack: [0x0000000001200000,0x0000000005200000]
[error occurred during error reporting (printing stack bounds), id 0xc0000005]

Java frames: (J=compiled Java code, j=interpreted, Vv=VM code)
j  com.mathworks.jmi.NativeMatlab.ProcessPendingEvents()Z+0
j  com.mathworks.jmi.NativeMatlab.processPendingEvents()Z+8
j  com.mathworks.jmi.Matlab$ProcessPendingEvents.callBooleanMethod(Ljava/lang/Object;)Z+0
j  com.mathworks.util.FactoryUtils.processPendingEvents()Z+12
j  com.mathworks.mde.desk.MLDesktop.canClose()Z+84
j  com.mathworks.mde.desk.MLDesktop$2.call()Ljava/lang/Boolean;+4
j  com.mathworks.mde.desk.MLDesktop$2.call()Ljava/lang/Object;+1
j  com.mathworks.jmi.Matlab.isOkToExit()Z+54
v  ~StubRoutines::call_stub
j  com.mathworks.jmi.NativeMatlab.SendMatlabMessage(Ljava/lang/Object;)Ljava/lang/Object;+0
j  com.mathworks.jmi.NativeMatlab.sendMatlabMessage(Ljava/lang/Object;)Ljava/lang/Object;+22
j  com.mathworks.jmi.MatlabLooper.sendMatlabMessage(Lcom/mathworks/services/message/MWMessage;)Ljava/lang/Object;+20
j  com.mathworks.jmi.Matlab.mtFevalConsoleOutput(Ljava/lang/String;[Ljava/lang/Object;I)Ljava/lang/Object;+58
j  com.mathworks.mde.desk.MLDesktop$9.run()V+14
j  com.mathworks.jmi.NativeMatlab.dispatchMTRequests(Z)V+57
v  ~StubRoutines::call_stub

---------------  P R O C E S S  ---------------

Java Threads: ( => current thread )
  0x0000000020bdb800 JavaThread "Image Fetcher 0" daemon [_thread_blocked, id=6620, stack(0x00000000099b0000,0x0000000009a30000)]
  0x0000000020bd8800 JavaThread "Timer-InstrumentReadWritePoll" [_thread_blocked, id=9796, stack(0x000000002b460000,0x000000002b4e0000)]
  0x0000000020bdf000 JavaThread "BluecoveAsynchronousShutdownThread" daemon [_thread_blocked, id=2444, stack(0x000000002b1e0000,0x000000002b260000)]
  0x0000000020bd7000 JavaThread "Active Reference Queue Daemon" daemon [_thread_blocked, id=4432, stack(0x0000000075d80000,0x0000000075e00000)]
  0x0000000020bdd000 JavaThread "Timer-37" daemon [_thread_blocked, id=2976, stack(0x0000000075d00000,0x0000000075d80000)]
  0x0000000020bd8000 JavaThread "Prefs Updater" daemon [_thread_blocked, id=9256, stack(0x0000000075c80000,0x0000000075d00000)]
  0x0000000020a14800 JavaThread "Explorer NavigationContext request queue" [_thread_blocked, id=9392, stack(0x0000000072870000,0x00000000728f0000)]
  0x0000000020a13000 JavaThread "AddressBar directory emptiness poller" [_thread_blocked, id=8132, stack(0x0000000072770000,0x00000000727f0000)]
  0x0000000020a17800 JavaThread "Timer-3" [_thread_blocked, id=8292, stack(0x0000000072670000,0x00000000726f0000)]
  0x0000000020a11800 JavaThread "Timer-1" daemon [_thread_blocked, id=5212, stack(0x0000000069bf0000,0x0000000069c70000)]
  0x0000000020a14000 JavaThread "TimerQueue" daemon [_thread_blocked, id=5980, stack(0x0000000021930000,0x00000000219b0000)]
  0x0000000020a11000 JavaThread "AWT-EventQueue-0" [_thread_blocked, id=3816, stack(0x0000000069010000,0x0000000069090000)]
  0x0000000020a17000 JavaThread "AWT-Shutdown" [_thread_blocked, id=10688, stack(0x0000000068f90000,0x0000000069010000)]
  0x000000002077c000 JavaThread "FelixPackageAdmin" daemon [_thread_blocked, id=1656, stack(0x0000000068f10000,0x0000000068f90000)]
  0x000000002077b800 JavaThread "FelixStartLevel" daemon [_thread_blocked, id=4092, stack(0x0000000068e90000,0x0000000068f10000)]
  0x000000002070d800 JavaThread "FelixDispatchQueue" daemon [_thread_blocked, id=6020, stack(0x00000000219b0000,0x0000000021a30000)]
  0x0000000020787800 JavaThread "com.google.common.base.internal.Finalizer" daemon [_thread_blocked, id=9844, stack(0x0000000021830000,0x00000000218b0000)]
  0x0000000020698000 JavaThread "AWT-Windows" daemon [_thread_in_native, id=3884, stack(0x0000000021720000,0x00000000217a0000)]
  0x0000000020697000 JavaThread "Java2D Disposer" daemon [_thread_blocked, id=6000, stack(0x0000000021620000,0x00000000216a0000)]
  0x0000000020104800 JavaThread "Timer-0" [_thread_blocked, id=11208, stack(0x0000000021020000,0x00000000210a0000)]
  0x000000002004e800 JavaThread "EventMgr Dispatcher" daemon [_thread_in_native, id=9552, stack(0x000000000da90000,0x0000000011a90000)]
  0x000000001f0c1000 JavaThread "Low Memory Detector" daemon [_thread_blocked, id=10968, stack(0x000000001f3d0000,0x000000001f450000)]
  0x000000001f0bc800 JavaThread "CompilerThread1" daemon [_thread_blocked, id=2756, stack(0x0000000054e90000,0x0000000058e90000)]
  0x000000001f0b6000 JavaThread "CompilerThread0" daemon [_thread_blocked, id=8780, stack(0x0000000050e90000,0x0000000054e90000)]
  0x000000001f0af000 JavaThread "Attach Listener" daemon [_thread_blocked, id=9180, stack(0x000000001f350000,0x000000001f3d0000)]
  0x000000001f07a800 JavaThread "Finalizer" daemon [_thread_blocked, id=9068, stack(0x000000001f2d0000,0x000000001f350000)]
  0x000000001f074800 JavaThread "Reference Handler" daemon [_thread_blocked, id=4836, stack(0x000000001f250000,0x000000001f2d0000)]
=>0x000000000932c000 JavaThread "main" [_thread_in_native, id=10572, stack(0x0000000001200000,0x0000000005200000)]

Other Threads:
  0x000000000941c000 VMThread [stack: 0x000000004ce90000,0x0000000050e90000] [id=7996]
  0x000000001f0ea000 WatcherThread [stack: 0x0000000058e90000,0x000000005ce90000] [id=10896]

VM state:not at safepoint (normal execution)

VM Mutex/Monitor currently owned by a thread: None

Heap
 PSYoungGen      total 12672K, used 6363K [0x0000000041d90000, 0x0000000042d90000, 0x0000000044e90000)
  eden space 9152K, 47% used [0x0000000041d90000,0x00000000421c5c88,0x0000000042680000)
  from space 3520K, 58% used [0x0000000042680000,0x00000000428812a8,0x00000000429f0000)
  to   space 3456K, 0% used [0x0000000042a30000,0x0000000042a30000,0x0000000042d90000)
 PSOldGen        total 61056K, used 59289K [0x0000000038a90000, 0x000000003c630000, 0x0000000041d90000)
  object space 61056K, 97% used [0x0000000038a90000,0x000000003c4765d0,0x000000003c630000)
 PSPermGen       total 131072K, used 62734K [0x0000000030a90000, 0x0000000038a90000, 0x0000000038a90000)
  object space 131072K, 47% used [0x0000000030a90000,0x00000000347d3920,0x0000000038a90000)

Dynamic libraries:
0x00007ff740690000 - 0x00007ff7406c2000 	C:\Program Files\MATLAB\R2012a\bin\win64\MATLAB.exe
0x00007ffefac50000 - 0x00007ffefae21000 	C:\WINDOWS\SYSTEM32\ntdll.dll
0x00007ffefa950000 - 0x00007ffefa9fb000 	C:\WINDOWS\System32\KERNEL32.DLL
0x00007ffef5110000 - 0x00007ffef5143000 	C:\Program Files\AVAST Software\Avast\x64\aswhooka.dll
0x00007ffef7e20000 - 0x00007ffef803d000 	C:\WINDOWS\System32\KERNELBASE.dll
0x0000000074460000 - 0x0000000074554000 	C:\Program Files\MATLAB\R2012a\bin\win64\libut.dll
0x00007ffefaa00000 - 0x00007ffefaa08000 	C:\WINDOWS\System32\PSAPI.DLL
0x00007ffef9110000 - 0x00007ffef91b2000 	C:\WINDOWS\System32\ADVAPI32.dll
0x00007ffefa840000 - 0x00007ffefa8de000 	C:\WINDOWS\System32\msvcrt.dll
0x00007ffef9050000 - 0x00007ffef90a9000 	C:\WINDOWS\System32\sechost.dll
0x00007ffefab20000 - 0x00007ffefac41000 	C:\WINDOWS\System32\RPCRT4.dll
0x00007ffef8280000 - 0x00007ffef83e5000 	C:\WINDOWS\System32\USER32.dll
0x00007ffef7310000 - 0x00007ffef732e000 	C:\WINDOWS\System32\win32u.dll
0x00007ffef8830000 - 0x00007ffef8864000 	C:\WINDOWS\System32\GDI32.dll
0x00007ffef7500000 - 0x00007ffef7682000 	C:\WINDOWS\System32\gdi32full.dll
0x0000000073f70000 - 0x00000000740ad000 	C:\Program Files\MATLAB\R2012a\bin\win64\libmwfl.dll
0x00007ffef8870000 - 0x00007ffef888c000 	C:\WINDOWS\System32\imagehlp.dll
0x00007ffef7140000 - 0x00007ffef7235000 	C:\WINDOWS\System32\ucrtbase.dll
0x000000007bed0000 - 0x000000007c183000 	C:\Program Files\MATLAB\R2012a\bin\win64\libmwservices.dll
0x00007ffef8730000 - 0x00007ffef882a000 	C:\WINDOWS\System32\COMDLG32.dll
0x00007ffef8d80000 - 0x00007ffef9048000 	C:\WINDOWS\System32\combase.dll
0x00007ffef7240000 - 0x00007ffef72aa000 	C:\WINDOWS\System32\bcryptPrimitives.dll
0x00007ffef7690000 - 0x00007ffef7739000 	C:\WINDOWS\System32\shcore.dll
0x00007ffef83f0000 - 0x00007ffef8442000 	C:\WINDOWS\System32\SHLWAPI.dll
0x00007ffef9330000 - 0x00007ffefa839000 	C:\WINDOWS\System32\SHELL32.dll
0x00007ffef8190000 - 0x00007ffef81d2000 	C:\WINDOWS\System32\cfgmgr32.dll
0x00007ffef7740000 - 0x00007ffef7e1a000 	C:\WINDOWS\System32\windows.storage.dll
0x00007ffef70f0000 - 0x00007ffef713c000 	C:\WINDOWS\System32\powrprof.dll
0x00007ffef70b0000 - 0x00007ffef70bf000 	C:\WINDOWS\System32\kernel.appcore.dll
0x00007ffef70d0000 - 0x00007ffef70e4000 	C:\WINDOWS\System32\profapi.dll
0x00007ffefa8e0000 - 0x00007ffefa94a000 	C:\WINDOWS\System32\WS2_32.dll
0x00007ffef8450000 - 0x00007ffef8587000 	C:\WINDOWS\System32\ole32.dll
0x00007ffef8cc0000 - 0x00007ffef8d7f000 	C:\WINDOWS\System32\OLEAUT32.dll
0x00007ffef80f0000 - 0x00007ffef818c000 	C:\WINDOWS\System32\msvcp_win.dll
0x0000000074970000 - 0x0000000074b06000 	C:\Program Files\MATLAB\R2012a\bin\win64\mcr.dll
0x00000000758a0000 - 0x0000000075952000 	C:\Program Files\MATLAB\R2012a\bin\win64\libmwi18n.dll
0x000000006d2c0000 - 0x000000006d393000 	C:\WINDOWS\WinSxS\amd64_microsoft.vc90.crt_1fc8b3b9a1e18e3b_9.0.30729.9247_none_08e394a1a83e212f\MSVCP90.dll
0x000000006d210000 - 0x000000006d2b3000 	C:\WINDOWS\WinSxS\amd64_microsoft.vc90.crt_1fc8b3b9a1e18e3b_9.0.30729.9247_none_08e394a1a83e212f\MSVCR90.dll
0x000000007a560000 - 0x000000007a569000 	C:\Program Files\MATLAB\R2012a\bin\win64\boost_system-vc90-mt-1_44.dll
0x000000007a2d0000 - 0x000000007a2e2000 	C:\Program Files\MATLAB\R2012a\bin\win64\boost_thread-vc90-mt-1_44.dll
0x000000006d090000 - 0x000000006d201000 	C:\Program Files\MATLAB\R2012a\bin\win64\icuuc44.dll
0x000000006d070000 - 0x000000006d083000 	C:\Program Files\MATLAB\R2012a\bin\win64\icuio44.dll
0x0000000180000000 - 0x0000000180046000 	C:\Program Files\MATLAB\R2012a\bin\win64\tbb.dll
0x00007ffeeda10000 - 0x00007ffeedba2000 	C:\WINDOWS\SYSTEM32\dbghelp.dll
0x0000000005270000 - 0x000000000527b000 	C:\Program Files\MATLAB\R2012a\bin\win64\libmwresource_core.dll
0x0000000005410000 - 0x0000000005706000 	C:\Program Files\MATLAB\R2012a\bin\win64\libmwMATLAB_res.dll
0x000000007a3b0000 - 0x000000007a3c0000 	C:\Program Files\MATLAB\R2012a\bin\win64\boost_date_time-vc90-mt-1_44.dll
0x000000007a170000 - 0x000000007a19c000 	C:\Program Files\MATLAB\R2012a\bin\win64\boost_filesystem-vc90-mt-1_44.dll
0x000000007a250000 - 0x000000007a263000 	C:\Program Files\MATLAB\R2012a\bin\win64\boost_signals-vc90-mt-1_44.dll
0x0000000075a20000 - 0x0000000075ae2000 	C:\Program Files\MATLAB\R2012a\bin\win64\libmx.dll
0x00000000052e0000 - 0x0000000005301000 	C:\Program Files\MATLAB\R2012a\bin\win64\libmwmfl_scalar.dll
0x0000000075f10000 - 0x0000000075f5d000 	C:\Program Files\MATLAB\R2012a\bin\win64\mpath.dll
0x000000007b680000 - 0x000000007bbe1000 	C:\Program Files\MATLAB\R2012a\bin\win64\mlutil.dll
0x0000000005740000 - 0x000000000575a000 	C:\Program Files\MATLAB\R2012a\bin\win64\libmwMATLAB_settings_res.dll
0x0000000005770000 - 0x00000000057b7000 	C:\Program Files\MATLAB\R2012a\bin\win64\boost_serialization-vc90-mt-1_44.dll
0x00007ffeeaea0000 - 0x00007ffeeaf4c000 	C:\WINDOWS\WinSxS\amd64_microsoft.windows.common-controls_6595b64144ccf1df_5.82.14393.447_none_0d5aa7fbb6d35646\COMCTL32.dll
0x00007ffee8170000 - 0x00007ffee8188000 	C:\WINDOWS\SYSTEM32\NETAPI32.dll
0x0000000075000000 - 0x000000007536b000 	C:\Program Files\MATLAB\R2012a\bin\win64\iqm.dll
0x0000000079fb0000 - 0x0000000079fe7000 	C:\Program Files\MATLAB\R2012a\bin\win64\libmwbridge.dll
0x000000006d040000 - 0x000000006d065000 	C:\Program Files\MATLAB\R2012a\bin\win64\libmex.dll
0x000000006cf80000 - 0x000000006d033000 	C:\Program Files\MATLAB\R2012a\bin\win64\m_dispatcher.dll
0x000000006cd00000 - 0x000000006cf79000 	C:\Program Files\MATLAB\R2012a\bin\win64\mcos.dll
0x000000006cba0000 - 0x000000006ccf2000 	C:\Program Files\MATLAB\R2012a\bin\win64\libmwgui.dll
0x000000006c1f0000 - 0x000000006cb93000 	C:\Program Files\MATLAB\R2012a\bin\win64\hg.dll
0x000000006c0f0000 - 0x000000006c1ed000 	C:\Program Files\MATLAB\R2012a\bin\win64\hgutils.dll
0x000000006b8c0000 - 0x000000006c0e1000 	C:\Program Files\MATLAB\R2012a\bin\win64\m_interpreter.dll
0x0000000075710000 - 0x00000000757c1000 	C:\Program Files\MATLAB\R2012a\bin\win64\jmi.dll
0x000000006b800000 - 0x000000006b8bd000 	C:\Program Files\MATLAB\R2012a\bin\win64\udd_mi.dll
0x0000000005880000 - 0x0000000005b4a000 	C:\Program Files\MATLAB\R2012a\bin\win64\uiw.dll
0x000000006b7e0000 - 0x000000006b800000 	C:\Program Files\MATLAB\R2012a\bin\win64\mwoles05.DLL
0x000000006b760000 - 0x000000006b7dc000 	C:\Program Files\MATLAB\R2012a\bin\win64\comcli.dll
0x000000006b750000 - 0x000000006b75c000 	C:\Program Files\MATLAB\R2012a\bin\win64\mlautoregister.dll
0x0000000005b90000 - 0x0000000005ba0000 	C:\Program Files\MATLAB\R2012a\bin\win64\boost_iostreams-vc90-mt-1_44.dll
0x000000007a010000 - 0x000000007a035000 	C:\Program Files\MATLAB\R2012a\bin\win64\LIBEXPAT.dll
0x000000006b550000 - 0x000000006b741000 	C:\Program Files\MATLAB\R2012a\bin\win64\icuin44.dll
0x0000000005bd0000 - 0x0000000006a11000 	C:\Program Files\MATLAB\R2012a\bin\win64\icudt44.dll
0x000000007a210000 - 0x000000007a228000 	C:\Program Files\MATLAB\R2012a\bin\win64\zlib1.dll
0x000000006b4d0000 - 0x000000006b54f000 	C:\Program Files\MATLAB\R2012a\bin\win64\xmlcore.dll
0x000000007bc30000 - 0x000000007be83000 	C:\Program Files\MATLAB\R2012a\bin\win64\xerces-c_2_7.dll
0x000000006b400000 - 0x000000006b4c8000 	C:\Program Files\MATLAB\R2012a\bin\win64\udd.dll
0x0000000074880000 - 0x000000007496d000 	C:\Program Files\MATLAB\R2012a\bin\win64\boost_regex-vc90-mt-1_44.dll
0x000000006b3e0000 - 0x000000006b3f7000 	C:\Program Files\MATLAB\R2012a\bin\win64\graphics_util.dll
0x0000000076100000 - 0x0000000076167000 	C:\Program Files\MATLAB\R2012a\bin\win64\libmat.dll
0x000000006b390000 - 0x000000006b3d2000 	C:\Program Files\MATLAB\R2012a\bin\win64\libmwhardcopy.dll
0x000000006b330000 - 0x000000006b38a000 	C:\Program Files\MATLAB\R2012a\bin\win64\libuij.dll
0x000000006b120000 - 0x000000006b32c000 	C:\Program Files\MATLAB\R2012a\bin\win64\hgdatatypes.dll
0x000000006b090000 - 0x000000006b116000 	C:\Program Files\MATLAB\R2012a\bin\win64\libmwlapack.dll
0x0000000006ad0000 - 0x0000000006b0b000 	C:\Program Files\MATLAB\R2012a\bin\win64\libmwgbtutils.dll
0x0000000006b20000 - 0x0000000006b39000 	C:\Program Files\MATLAB\R2012a\bin\win64\libmwgbt.dll
0x000000006aba0000 - 0x000000006b084000 	C:\WINDOWS\WinSxS\amd64_microsoft.vc90.mfc_1fc8b3b9a1e18e3b_9.0.30729.6161_none_044aad0bab1eb146\mfc90.dll
0x00007ffef15b0000 - 0x00007ffef1636000 	C:\WINDOWS\SYSTEM32\WINSPOOL.DRV
0x000000006ab10000 - 0x000000006ab94000 	C:\Program Files\MATLAB\R2012a\bin\win64\profiler.dll
0x0000000006b60000 - 0x0000000006db5000 	C:\Program Files\MATLAB\R2012a\bin\win64\libmwmathutil.dll
0x0000000079f40000 - 0x0000000079f6d000 	C:\Program Files\MATLAB\R2012a\bin\win64\libmwmathrng.dll
0x000000006aae0000 - 0x000000006ab01000 	C:\Program Files\MATLAB\R2012a\bin\win64\m_pcodeio.dll
0x0000000079b10000 - 0x0000000079b77000 	C:\Program Files\MATLAB\R2012a\bin\win64\m_ir.dll
0x000000006a490000 - 0x000000006aae0000 	C:\Program Files\MATLAB\R2012a\bin\win64\m_parser.dll
0x000000006a450000 - 0x000000006a481000 	C:\Program Files\MATLAB\R2012a\bin\win64\m_pcodegen.dll
0x0000000006e20000 - 0x0000000006e8b000 	C:\Program Files\MATLAB\R2012a\bin\win64\libmwspmatrix.dll
0x0000000006ea0000 - 0x0000000006eae000 	C:\Program Files\MATLAB\R2012a\bin\win64\nativejava_services.dll
0x000000006a440000 - 0x000000006a44f000 	C:\Program Files\MATLAB\R2012a\bin\win64\uinone.dll
0x00007ffee80b0000 - 0x00007ffee80cb000 	C:\WINDOWS\SYSTEM32\MPR.dll
0x000000006a410000 - 0x000000006a43f000 	C:\WINDOWS\WinSxS\amd64_microsoft.vc90.atl_1fc8b3b9a1e18e3b_9.0.30729.6161_none_0a1fd3a3a768b895\ATL90.DLL
0x0000000072d30000 - 0x0000000072f44000 	C:\Program Files\MATLAB\R2012a\bin\win64\hdf5dll.dll
0x000000006a3f0000 - 0x000000006a402000 	C:\Program Files\MATLAB\R2012a\bin\win64\libmwbinder.dll
0x000000006a3e0000 - 0x000000006a3eb000 	C:\Program Files\MATLAB\R2012a\bin\win64\libmwompwrapper.dll
0x00007ffeeb1c0000 - 0x00007ffeeb1c7000 	C:\WINDOWS\SYSTEM32\MSIMG32.dll
0x00007ffef6ff0000 - 0x00007ffef701b000 	C:\WINDOWS\SYSTEM32\bcrypt.dll
0x0000000074c10000 - 0x0000000074ced000 	C:\Program Files\MATLAB\R2012a\bin\win64\libmwmathcore.dll
0x000000006a3c0000 - 0x000000006a3da000 	C:\Program Files\MATLAB\R2012a\bin\win64\ir_xfmr.dll
0x000000006a3b0000 - 0x000000006a3bc000 	C:\Program Files\MATLAB\R2012a\bin\win64\mtok.dll
0x0000000075ea0000 - 0x0000000075f02000 	C:\Program Files\MATLAB\R2012a\bin\win64\libmwcholmod.dll
0x000000007a460000 - 0x000000007a46d000 	C:\Program Files\MATLAB\R2012a\bin\win64\libmwamd.dll
0x000000007a4b0000 - 0x000000007a4bc000 	C:\Program Files\MATLAB\R2012a\bin\win64\libmwcolamd.dll
0x000000006a390000 - 0x000000006a3a9000 	C:\Program Files\MATLAB\R2012a\bin\win64\libmwblas.dll
0x00007ffefaaf0000 - 0x00007ffefab1e000 	C:\WINDOWS\System32\IMM32.DLL
0x00007ffef58b0000 - 0x00007ffef5945000 	C:\WINDOWS\system32\UxTheme.dll
0x00007ffef4c90000 - 0x00007ffef4cb6000 	C:\WINDOWS\system32\dwmapi.dll
0x0000000008f80000 - 0x0000000008fa9000 	C:\Program Files\MATLAB\R2012a\bin\win64\tbbmalloc.dll
0x00007ffef91c0000 - 0x00007ffef931a000 	C:\WINDOWS\System32\MSCTF.dll
0x0000000078870000 - 0x0000000078ecd000 	C:\Program Files\MATLAB\R2012a\sys\java\jre\win64\jre\bin\server\jvm.dll
0x00007ffef51f0000 - 0x00007ffef5213000 	C:\WINDOWS\SYSTEM32\WINMM.dll
0x00007ffef5190000 - 0x00007ffef51bb000 	C:\WINDOWS\SYSTEM32\WINMMBASE.dll
0x00007ffef6700000 - 0x00007ffef6738000 	C:\WINDOWS\SYSTEM32\iphlpapi.dll
0x00007ffef6750000 - 0x00007ffef67f1000 	C:\WINDOWS\SYSTEM32\DNSAPI.dll
0x00007ffefaa70000 - 0x00007ffefaa78000 	C:\WINDOWS\System32\NSI.dll
0x00007ffef1e60000 - 0x00007ffef1e76000 	C:\WINDOWS\SYSTEM32\dhcpcsvc6.DLL
0x00007ffef2400000 - 0x00007ffef241a000 	C:\WINDOWS\SYSTEM32\dhcpcsvc.DLL

VM Arguments:
jvm_args: -Xss512k -XX:PermSize=32m -Xms64m -XX:NewRatio=3 -XX:MaxPermSize=128m -Xmx196m -XX:MaxDirectMemorySize=2147400000 -Dsun.java2d.noddraw=true -Dsun.awt.nopixfmt=true -Xshare:off -Xrs -Dsun.awt.disableMixing=true -Djava.library.path=C:\Program Files\MATLAB\R2012a\bin\win64 vfprintf abort 
java_command: <unknown>
Launcher Type: generic

Environment Variables:
PATH=C:\ProgramData\Oracle\Java\javapath;C:\WINDOWS\system32;C:\WINDOWS;C:\WINDOWS\System32\Wbem;C:\WINDOWS\System32\WindowsPowerShell\v1.0\;C:\Program Files\Microsoft SQL Server\130\Tools\Binn\;C:\Program Files\MATLAB\R2012a\runtime\win64;C:\Program Files\MATLAB\R2012a\bin;C:\Program Files (x86)\PuTTY\;C:\Users\dmark\AppData\Local\Microsoft\WindowsApps;
USERNAME=dmark
OS=Windows_NT
PROCESSOR_IDENTIFIER=Intel64 Family 6 Model 42 Stepping 7, GenuineIntel



---------------  S Y S T E M  ---------------

OS: Windows NT 6.2 Build 9200 

CPU:total 2 (8 cores per cpu, 2 threads per core) family 6 model 42 stepping 7, cmov, cx8, fxsr, mmx, sse, sse2, sse3, ssse3, sse4.1, sse4.2, ht

Memory: 4k page, physical 4075112k(946932k free), swap 8491980k(1710976k free)

vm_info: Java HotSpot(TM) 64-Bit Server VM (14.3-b01) for windows-amd64 JRE (1.6.0_17-b04), built on Oct 11 2009 00:46:08 by "java_re" with MS VC++ 8.0

time: Fri Mar 31 12:52:14 2017
elapsed time: 2282 seconds

