#
# A fatal error has been detected by the Java Runtime Environment:
#
#  Internal Error (os_windows_x86.cpp:114), pid=10396, tid=7888
#  Error: guarantee(result == -1,"Unexpected result from topLevelExceptionFilter")
#
# JRE version: 6.0_17-b04
# Java VM: Java HotSpot(TM) 64-Bit Server VM (14.3-b01 mixed mode windows-amd64 )
# If you would like to submit a bug report, please visit:
#   http://java.sun.com/webapps/bugreport/crash.jsp
# The crash happened outside the Java Virtual Machine in native code.
# See problematic frame for where to report the bug.
#

---------------  T H R E A D  ---------------

Current thread (0x000000000867c000):  JavaThread "main" [_thread_in_native, id=7888, stack(0x0000000000600000,0x0000000004600000)]

Stack: [0x0000000000600000,0x0000000004600000]
[error occurred during error reporting (printing stack bounds), id 0xc0000005]

Java frames: (J=compiled Java code, j=interpreted, Vv=VM code)
j  com.mathworks.jmi.NativeMatlab.ProcessPendingEvents()Z+0
j  com.mathworks.jmi.NativeMatlab.processPendingEvents()Z+8
j  com.mathworks.jmi.Matlab$ProcessPendingEvents.callBooleanMethod(Ljava/lang/Object;)Z+0
j  com.mathworks.util.FactoryUtils.processPendingEvents()Z+12
j  com.mathworks.mde.desk.MLDesktop.canClose()Z+84
j  com.mathworks.mde.desk.MLDesktop$2.call()Ljava/lang/Boolean;+4
j  com.mathworks.mde.desk.MLDesktop$2.call()Ljava/lang/Object;+1
j  com.mathworks.jmi.Matlab.isOkToExit()Z+54
v  ~StubRoutines::call_stub
j  com.mathworks.jmi.NativeMatlab.SendMatlabMessage(Ljava/lang/Object;)Ljava/lang/Object;+0
j  com.mathworks.jmi.NativeMatlab.sendMatlabMessage(Ljava/lang/Object;)Ljava/lang/Object;+22
j  com.mathworks.jmi.MatlabLooper.sendMatlabMessage(Lcom/mathworks/services/message/MWMessage;)Ljava/lang/Object;+20
j  com.mathworks.jmi.Matlab.mtFevalConsoleOutput(Ljava/lang/String;[Ljava/lang/Object;I)Ljava/lang/Object;+58
j  com.mathworks.mde.desk.MLDesktop$9.run()V+14
j  com.mathworks.jmi.NativeMatlab.dispatchMTRequests(Z)V+57
v  ~StubRoutines::call_stub

---------------  P R O C E S S  ---------------

Java Threads: ( => current thread )
  0x000000001f681800 JavaThread "Image Fetcher 0" daemon [_thread_blocked, id=2916, stack(0x000000002a9e0000,0x000000002aa60000)]
  0x000000001f686800 JavaThread "Foxtrot Single Worker Thread #1" daemon [_thread_blocked, id=4464, stack(0x000000002c130000,0x000000002c1b0000)]
  0x000000001f683000 JavaThread "pool-8-thread-1" [_thread_blocked, id=1600, stack(0x000000002bd30000,0x000000002bdb0000)]
  0x000000001f681000 JavaThread "Timer-InstrumentReadWritePoll" [_thread_blocked, id=5608, stack(0x000000002a960000,0x000000002a9e0000)]
  0x000000001f679800 JavaThread "BluecoveAsynchronousShutdownThread" daemon [_thread_blocked, id=5592, stack(0x000000002a7e0000,0x000000002a860000)]
  0x000000001f67f800 JavaThread "Active Reference Queue Daemon" daemon [_thread_blocked, id=2528, stack(0x000000002b8b0000,0x000000002b930000)]
  0x000000001f67e800 JavaThread "Timer-30" daemon [_thread_blocked, id=1344, stack(0x000000002b830000,0x000000002b8b0000)]
  0x000000001f67e000 JavaThread "Prefs Updater" daemon [_thread_blocked, id=5420, stack(0x000000002b7b0000,0x000000002b830000)]
  0x000000001f67c000 JavaThread "Explorer NavigationContext request queue" [_thread_blocked, id=10372, stack(0x000000002a520000,0x000000002a5a0000)]
  0x000000001f679000 JavaThread "AddressBar directory emptiness poller" [_thread_blocked, id=5156, stack(0x000000002a420000,0x000000002a4a0000)]
  0x000000001f67d800 JavaThread "Timer-3" [_thread_blocked, id=10512, stack(0x000000002a220000,0x000000002a2a0000)]
  0x000000001fa38000 JavaThread "Timer-1" daemon [_thread_blocked, id=5780, stack(0x0000000020c50000,0x0000000020cd0000)]
  0x000000001fa38800 JavaThread "TimerQueue" daemon [_thread_blocked, id=10856, stack(0x00000000208d0000,0x0000000020950000)]
  0x000000001f591000 JavaThread "AWT-EventQueue-0" [_thread_in_native, id=4392, stack(0x0000000068670000,0x00000000686f0000)]
  0x000000001f590800 JavaThread "AWT-Shutdown" [_thread_blocked, id=6536, stack(0x00000000685f0000,0x0000000068670000)]
  0x000000001f66b800 JavaThread "FelixPackageAdmin" daemon [_thread_blocked, id=7636, stack(0x0000000068570000,0x00000000685f0000)]
  0x000000001f763800 JavaThread "FelixStartLevel" daemon [_thread_blocked, id=3944, stack(0x00000000684f0000,0x0000000068570000)]
  0x000000001f008800 JavaThread "FelixDispatchQueue" daemon [_thread_blocked, id=9408, stack(0x0000000068470000,0x00000000684f0000)]
  0x000000001f670000 JavaThread "com.google.common.base.internal.Finalizer" daemon [_thread_blocked, id=8296, stack(0x00000000681f0000,0x0000000068270000)]
  0x000000001f722000 JavaThread "AWT-Windows" daemon [_thread_in_native, id=10744, stack(0x0000000020850000,0x00000000208d0000)]
  0x000000001f552800 JavaThread "Java2D Disposer" daemon [_thread_blocked, id=6648, stack(0x0000000020750000,0x00000000207d0000)]
  0x000000001ee36000 JavaThread "Timer-0" [_thread_blocked, id=2520, stack(0x0000000020190000,0x0000000020210000)]
  0x000000001e419000 JavaThread "EventMgr Dispatcher" daemon [_thread_in_native, id=9992, stack(0x000000000cd70000,0x0000000010d70000)]
  0x000000001e2af000 JavaThread "Low Memory Detector" daemon [_thread_blocked, id=6388, stack(0x000000001e540000,0x000000001e5c0000)]
  0x000000001e2aa800 JavaThread "CompilerThread1" daemon [_thread_blocked, id=2316, stack(0x0000000054170000,0x0000000058170000)]
  0x000000001e2a9800 JavaThread "CompilerThread0" daemon [_thread_blocked, id=3304, stack(0x0000000050170000,0x0000000054170000)]
  0x000000001e29f000 JavaThread "Attach Listener" daemon [_thread_blocked, id=8740, stack(0x000000001e4c0000,0x000000001e540000)]
  0x000000001e265000 JavaThread "Finalizer" daemon [_thread_blocked, id=4436, stack(0x000000001e440000,0x000000001e4c0000)]
  0x000000001e264800 JavaThread "Reference Handler" daemon [_thread_blocked, id=192, stack(0x0000000008990000,0x0000000008a10000)]
=>0x000000000867c000 JavaThread "main" [_thread_in_native, id=7888, stack(0x0000000000600000,0x0000000004600000)]

Other Threads:
  0x000000000876c000 VMThread [stack: 0x000000004c170000,0x0000000050170000] [id=6600]
  0x000000001e2b2800 WatcherThread [stack: 0x0000000058170000,0x000000005c170000] [id=4028]

VM state:not at safepoint (normal execution)

VM Mutex/Monitor currently owned by a thread: None

Heap
 PSYoungGen      total 16640K, used 6028K [0x0000000041070000, 0x00000000423e0000, 0x0000000044170000)
  eden space 15296K, 30% used [0x0000000041070000,0x00000000415091a0,0x0000000041f60000)
  from space 1344K, 98% used [0x0000000042190000,0x00000000422d9f68,0x00000000422e0000)
  to   space 1024K, 0% used [0x00000000422e0000,0x00000000422e0000,0x00000000423e0000)
 PSOldGen        total 67584K, used 55875K [0x0000000037d70000, 0x000000003bf70000, 0x0000000041070000)
  object space 67584K, 82% used [0x0000000037d70000,0x000000003b400e28,0x000000003bf70000)
 PSPermGen       total 120704K, used 65666K [0x000000002fd70000, 0x0000000037350000, 0x0000000037d70000)
  object space 120704K, 54% used [0x000000002fd70000,0x0000000033d90b80,0x0000000037350000)

Dynamic libraries:
0x00007ff740690000 - 0x00007ff7406c2000 	C:\Program Files\MATLAB\R2012a\bin\win64\MATLAB.exe
0x00007ffefac50000 - 0x00007ffefae21000 	C:\WINDOWS\SYSTEM32\ntdll.dll
0x00007ffefa950000 - 0x00007ffefa9fb000 	C:\WINDOWS\System32\KERNEL32.DLL
0x00007ffef5110000 - 0x00007ffef5143000 	C:\Program Files\AVAST Software\Avast\x64\aswhooka.dll
0x00007ffef7e20000 - 0x00007ffef803d000 	C:\WINDOWS\System32\KERNELBASE.dll
0x0000000074460000 - 0x0000000074554000 	C:\Program Files\MATLAB\R2012a\bin\win64\libut.dll
0x00007ffefaa00000 - 0x00007ffefaa08000 	C:\WINDOWS\System32\PSAPI.DLL
0x00007ffef9110000 - 0x00007ffef91b2000 	C:\WINDOWS\System32\ADVAPI32.dll
0x00007ffefa840000 - 0x00007ffefa8de000 	C:\WINDOWS\System32\msvcrt.dll
0x00007ffef9050000 - 0x00007ffef90a9000 	C:\WINDOWS\System32\sechost.dll
0x00007ffefab20000 - 0x00007ffefac41000 	C:\WINDOWS\System32\RPCRT4.dll
0x00007ffef8280000 - 0x00007ffef83e5000 	C:\WINDOWS\System32\USER32.dll
0x00007ffef7310000 - 0x00007ffef732e000 	C:\WINDOWS\System32\win32u.dll
0x00007ffef8830000 - 0x00007ffef8864000 	C:\WINDOWS\System32\GDI32.dll
0x00007ffef7500000 - 0x00007ffef7682000 	C:\WINDOWS\System32\gdi32full.dll
0x0000000073f70000 - 0x00000000740ad000 	C:\Program Files\MATLAB\R2012a\bin\win64\libmwfl.dll
0x00007ffef8870000 - 0x00007ffef888c000 	C:\WINDOWS\System32\imagehlp.dll
0x00007ffef7140000 - 0x00007ffef7235000 	C:\WINDOWS\System32\ucrtbase.dll
0x000000007bed0000 - 0x000000007c183000 	C:\Program Files\MATLAB\R2012a\bin\win64\libmwservices.dll
0x00007ffef8730000 - 0x00007ffef882a000 	C:\WINDOWS\System32\COMDLG32.dll
0x00007ffef8d80000 - 0x00007ffef9048000 	C:\WINDOWS\System32\combase.dll
0x00007ffef7240000 - 0x00007ffef72aa000 	C:\WINDOWS\System32\bcryptPrimitives.dll
0x00007ffef7690000 - 0x00007ffef7739000 	C:\WINDOWS\System32\shcore.dll
0x00007ffef83f0000 - 0x00007ffef8442000 	C:\WINDOWS\System32\SHLWAPI.dll
0x00007ffef9330000 - 0x00007ffefa839000 	C:\WINDOWS\System32\SHELL32.dll
0x00007ffef8190000 - 0x00007ffef81d2000 	C:\WINDOWS\System32\cfgmgr32.dll
0x00007ffef7740000 - 0x00007ffef7e1a000 	C:\WINDOWS\System32\windows.storage.dll
0x00007ffef70f0000 - 0x00007ffef713c000 	C:\WINDOWS\System32\powrprof.dll
0x00007ffef70b0000 - 0x00007ffef70bf000 	C:\WINDOWS\System32\kernel.appcore.dll
0x00007ffef70d0000 - 0x00007ffef70e4000 	C:\WINDOWS\System32\profapi.dll
0x00007ffefa8e0000 - 0x00007ffefa94a000 	C:\WINDOWS\System32\WS2_32.dll
0x00007ffef8450000 - 0x00007ffef8587000 	C:\WINDOWS\System32\ole32.dll
0x00007ffef8cc0000 - 0x00007ffef8d7f000 	C:\WINDOWS\System32\OLEAUT32.dll
0x00007ffef80f0000 - 0x00007ffef818c000 	C:\WINDOWS\System32\msvcp_win.dll
0x0000000074970000 - 0x0000000074b06000 	C:\Program Files\MATLAB\R2012a\bin\win64\mcr.dll
0x00000000758a0000 - 0x0000000075952000 	C:\Program Files\MATLAB\R2012a\bin\win64\libmwi18n.dll
0x000000006d2c0000 - 0x000000006d393000 	C:\WINDOWS\WinSxS\amd64_microsoft.vc90.crt_1fc8b3b9a1e18e3b_9.0.30729.9247_none_08e394a1a83e212f\MSVCP90.dll
0x000000006d210000 - 0x000000006d2b3000 	C:\WINDOWS\WinSxS\amd64_microsoft.vc90.crt_1fc8b3b9a1e18e3b_9.0.30729.9247_none_08e394a1a83e212f\MSVCR90.dll
0x000000007a560000 - 0x000000007a569000 	C:\Program Files\MATLAB\R2012a\bin\win64\boost_system-vc90-mt-1_44.dll
0x000000007a2d0000 - 0x000000007a2e2000 	C:\Program Files\MATLAB\R2012a\bin\win64\boost_thread-vc90-mt-1_44.dll
0x000000006d090000 - 0x000000006d201000 	C:\Program Files\MATLAB\R2012a\bin\win64\icuuc44.dll
0x000000006d070000 - 0x000000006d083000 	C:\Program Files\MATLAB\R2012a\bin\win64\icuio44.dll
0x0000000180000000 - 0x0000000180046000 	C:\Program Files\MATLAB\R2012a\bin\win64\tbb.dll
0x00007ffeeda10000 - 0x00007ffeedba2000 	C:\WINDOWS\SYSTEM32\dbghelp.dll
0x0000000004680000 - 0x000000000468b000 	C:\Program Files\MATLAB\R2012a\bin\win64\libmwresource_core.dll
0x0000000004890000 - 0x0000000004b86000 	C:\Program Files\MATLAB\R2012a\bin\win64\libmwMATLAB_res.dll
0x000000007a3b0000 - 0x000000007a3c0000 	C:\Program Files\MATLAB\R2012a\bin\win64\boost_date_time-vc90-mt-1_44.dll
0x000000007a170000 - 0x000000007a19c000 	C:\Program Files\MATLAB\R2012a\bin\win64\boost_filesystem-vc90-mt-1_44.dll
0x000000007a250000 - 0x000000007a263000 	C:\Program Files\MATLAB\R2012a\bin\win64\boost_signals-vc90-mt-1_44.dll
0x0000000075a20000 - 0x0000000075ae2000 	C:\Program Files\MATLAB\R2012a\bin\win64\libmx.dll
0x0000000004bc0000 - 0x0000000004be1000 	C:\Program Files\MATLAB\R2012a\bin\win64\libmwmfl_scalar.dll
0x0000000075f10000 - 0x0000000075f5d000 	C:\Program Files\MATLAB\R2012a\bin\win64\mpath.dll
0x000000007b680000 - 0x000000007bbe1000 	C:\Program Files\MATLAB\R2012a\bin\win64\mlutil.dll
0x0000000004c20000 - 0x0000000004c3a000 	C:\Program Files\MATLAB\R2012a\bin\win64\libmwMATLAB_settings_res.dll
0x0000000004c50000 - 0x0000000004c97000 	C:\Program Files\MATLAB\R2012a\bin\win64\boost_serialization-vc90-mt-1_44.dll
0x00007ffeeaea0000 - 0x00007ffeeaf4c000 	C:\WINDOWS\WinSxS\amd64_microsoft.windows.common-controls_6595b64144ccf1df_5.82.14393.447_none_0d5aa7fbb6d35646\COMCTL32.dll
0x00007ffee8170000 - 0x00007ffee8188000 	C:\WINDOWS\SYSTEM32\NETAPI32.dll
0x0000000075000000 - 0x000000007536b000 	C:\Program Files\MATLAB\R2012a\bin\win64\iqm.dll
0x0000000079fb0000 - 0x0000000079fe7000 	C:\Program Files\MATLAB\R2012a\bin\win64\libmwbridge.dll
0x000000006d040000 - 0x000000006d065000 	C:\Program Files\MATLAB\R2012a\bin\win64\libmex.dll
0x000000006cf80000 - 0x000000006d033000 	C:\Program Files\MATLAB\R2012a\bin\win64\m_dispatcher.dll
0x000000006cd00000 - 0x000000006cf79000 	C:\Program Files\MATLAB\R2012a\bin\win64\mcos.dll
0x000000006cba0000 - 0x000000006ccf2000 	C:\Program Files\MATLAB\R2012a\bin\win64\libmwgui.dll
0x000000006c1f0000 - 0x000000006cb93000 	C:\Program Files\MATLAB\R2012a\bin\win64\hg.dll
0x000000006c0f0000 - 0x000000006c1ed000 	C:\Program Files\MATLAB\R2012a\bin\win64\hgutils.dll
0x000000006b8c0000 - 0x000000006c0e1000 	C:\Program Files\MATLAB\R2012a\bin\win64\m_interpreter.dll
0x0000000075710000 - 0x00000000757c1000 	C:\Program Files\MATLAB\R2012a\bin\win64\jmi.dll
0x000000006b800000 - 0x000000006b8bd000 	C:\Program Files\MATLAB\R2012a\bin\win64\udd_mi.dll
0x0000000004d60000 - 0x000000000502a000 	C:\Program Files\MATLAB\R2012a\bin\win64\uiw.dll
0x000000006b7e0000 - 0x000000006b800000 	C:\Program Files\MATLAB\R2012a\bin\win64\mwoles05.DLL
0x000000006b760000 - 0x000000006b7dc000 	C:\Program Files\MATLAB\R2012a\bin\win64\comcli.dll
0x000000006b750000 - 0x000000006b75c000 	C:\Program Files\MATLAB\R2012a\bin\win64\mlautoregister.dll
0x0000000005070000 - 0x0000000005080000 	C:\Program Files\MATLAB\R2012a\bin\win64\boost_iostreams-vc90-mt-1_44.dll
0x000000007a010000 - 0x000000007a035000 	C:\Program Files\MATLAB\R2012a\bin\win64\LIBEXPAT.dll
0x000000006b550000 - 0x000000006b741000 	C:\Program Files\MATLAB\R2012a\bin\win64\icuin44.dll
0x00000000050b0000 - 0x0000000005ef1000 	C:\Program Files\MATLAB\R2012a\bin\win64\icudt44.dll
0x000000007a210000 - 0x000000007a228000 	C:\Program Files\MATLAB\R2012a\bin\win64\zlib1.dll
0x000000006b4d0000 - 0x000000006b54f000 	C:\Program Files\MATLAB\R2012a\bin\win64\xmlcore.dll
0x000000007bc30000 - 0x000000007be83000 	C:\Program Files\MATLAB\R2012a\bin\win64\xerces-c_2_7.dll
0x000000006b400000 - 0x000000006b4c8000 	C:\Program Files\MATLAB\R2012a\bin\win64\udd.dll
0x0000000074880000 - 0x000000007496d000 	C:\Program Files\MATLAB\R2012a\bin\win64\boost_regex-vc90-mt-1_44.dll
0x000000006b3e0000 - 0x000000006b3f7000 	C:\Program Files\MATLAB\R2012a\bin\win64\graphics_util.dll
0x0000000076100000 - 0x0000000076167000 	C:\Program Files\MATLAB\R2012a\bin\win64\libmat.dll
0x000000006b390000 - 0x000000006b3d2000 	C:\Program Files\MATLAB\R2012a\bin\win64\libmwhardcopy.dll
0x000000006b330000 - 0x000000006b38a000 	C:\Program Files\MATLAB\R2012a\bin\win64\libuij.dll
0x000000006b120000 - 0x000000006b32c000 	C:\Program Files\MATLAB\R2012a\bin\win64\hgdatatypes.dll
0x000000006b090000 - 0x000000006b116000 	C:\Program Files\MATLAB\R2012a\bin\win64\libmwlapack.dll
0x0000000005fb0000 - 0x0000000005feb000 	C:\Program Files\MATLAB\R2012a\bin\win64\libmwgbtutils.dll
0x0000000006000000 - 0x0000000006019000 	C:\Program Files\MATLAB\R2012a\bin\win64\libmwgbt.dll
0x000000006aba0000 - 0x000000006b084000 	C:\WINDOWS\WinSxS\amd64_microsoft.vc90.mfc_1fc8b3b9a1e18e3b_9.0.30729.6161_none_044aad0bab1eb146\mfc90.dll
0x00007ffef15b0000 - 0x00007ffef1636000 	C:\WINDOWS\SYSTEM32\WINSPOOL.DRV
0x000000006ab10000 - 0x000000006ab94000 	C:\Program Files\MATLAB\R2012a\bin\win64\profiler.dll
0x0000000006040000 - 0x0000000006295000 	C:\Program Files\MATLAB\R2012a\bin\win64\libmwmathutil.dll
0x0000000079f40000 - 0x0000000079f6d000 	C:\Program Files\MATLAB\R2012a\bin\win64\libmwmathrng.dll
0x000000006aae0000 - 0x000000006ab01000 	C:\Program Files\MATLAB\R2012a\bin\win64\m_pcodeio.dll
0x0000000079b10000 - 0x0000000079b77000 	C:\Program Files\MATLAB\R2012a\bin\win64\m_ir.dll
0x000000006a490000 - 0x000000006aae0000 	C:\Program Files\MATLAB\R2012a\bin\win64\m_parser.dll
0x000000006a450000 - 0x000000006a481000 	C:\Program Files\MATLAB\R2012a\bin\win64\m_pcodegen.dll
0x0000000006300000 - 0x000000000636b000 	C:\Program Files\MATLAB\R2012a\bin\win64\libmwspmatrix.dll
0x0000000006380000 - 0x000000000638e000 	C:\Program Files\MATLAB\R2012a\bin\win64\nativejava_services.dll
0x000000006a440000 - 0x000000006a44f000 	C:\Program Files\MATLAB\R2012a\bin\win64\uinone.dll
0x00007ffee80b0000 - 0x00007ffee80cb000 	C:\WINDOWS\SYSTEM32\MPR.dll
0x000000006a410000 - 0x000000006a43f000 	C:\WINDOWS\WinSxS\amd64_microsoft.vc90.atl_1fc8b3b9a1e18e3b_9.0.30729.6161_none_0a1fd3a3a768b895\ATL90.DLL
0x0000000072d30000 - 0x0000000072f44000 	C:\Program Files\MATLAB\R2012a\bin\win64\hdf5dll.dll
0x000000006a3f0000 - 0x000000006a402000 	C:\Program Files\MATLAB\R2012a\bin\win64\libmwbinder.dll
0x000000006a3e0000 - 0x000000006a3eb000 	C:\Program Files\MATLAB\R2012a\bin\win64\libmwompwrapper.dll
0x00007ffeeb1c0000 - 0x00007ffeeb1c7000 	C:\WINDOWS\SYSTEM32\MSIMG32.dll
0x00007ffef6ff0000 - 0x00007ffef701b000 	C:\WINDOWS\SYSTEM32\bcrypt.dll
0x0000000074c10000 - 0x0000000074ced000 	C:\Program Files\MATLAB\R2012a\bin\win64\libmwmathcore.dll
0x000000006a3c0000 - 0x000000006a3da000 	C:\Program Files\MATLAB\R2012a\bin\win64\ir_xfmr.dll
0x000000006a3b0000 - 0x000000006a3bc000 	C:\Program Files\MATLAB\R2012a\bin\win64\mtok.dll
0x0000000075ea0000 - 0x0000000075f02000 	C:\Program Files\MATLAB\R2012a\bin\win64\libmwcholmod.dll
0x000000007a460000 - 0x000000007a46d000 	C:\Program Files\MATLAB\R2012a\bin\win64\libmwamd.dll
0x000000007a4b0000 - 0x000000007a4bc000 	C:\Program Files\MATLAB\R2012a\bin\win64\libmwcolamd.dll
0x000000006a390000 - 0x000000006a3a9000 	C:\Program Files\MATLAB\R2012a\bin\win64\libmwblas.dll
0x00007ffefaaf0000 - 0x00007ffefab1e000 	C:\WINDOWS\System32\IMM32.DLL
0x00007ffef58b0000 - 0x00007ffef5945000 	C:\WINDOWS\system32\UxTheme.dll
0x00007ffef4c90000 - 0x00007ffef4cb6000 	C:\WINDOWS\system32\dwmapi.dll
0x00000000064d0000 - 0x00000000064f9000 	C:\Program Files\MATLAB\R2012a\bin\win64\tbbmalloc.dll
0x00007ffef91c0000 - 0x00007ffef931a000 	C:\WINDOWS\System32\MSCTF.dll
0x0000000078870000 - 0x0000000078ecd000 	C:\Program Files\MATLAB\R2012a\sys\java\jre\win64\jre\bin\server\jvm.dll
0x00007ffef51f0000 - 0x00007ffef5213000 	C:\WINDOWS\SYSTEM32\WINMM.dll
0x00007ffef5190000 - 0x00007ffef51bb000 	C:\WINDOWS\SYSTEM32\WINMMBASE.dll
0x00007ffef6700000 - 0x00007ffef6738000 	C:\WINDOWS\SYSTEM32\iphlpapi.dll
0x00007ffef6750000 - 0x00007ffef67f1000 	C:\WINDOWS\SYSTEM32\DNSAPI.dll
0x00007ffefaa70000 - 0x00007ffefaa78000 	C:\WINDOWS\System32\NSI.dll
0x00007ffef1e60000 - 0x00007ffef1e76000 	C:\WINDOWS\SYSTEM32\dhcpcsvc6.DLL
0x00007ffef2400000 - 0x00007ffef241a000 	C:\WINDOWS\SYSTEM32\dhcpcsvc.DLL

VM Arguments:
jvm_args: -Xss512k -XX:PermSize=32m -Xms64m -XX:NewRatio=3 -XX:MaxPermSize=128m -Xmx196m -XX:MaxDirectMemorySize=2147400000 -Dsun.java2d.noddraw=true -Dsun.awt.nopixfmt=true -Xshare:off -Xrs -Dsun.awt.disableMixing=true -Djava.library.path=C:\Program Files\MATLAB\R2012a\bin\win64 vfprintf abort 
java_command: <unknown>
Launcher Type: generic

Environment Variables:
PATH=C:\ProgramData\Oracle\Java\javapath;C:\WINDOWS\system32;C:\WINDOWS;C:\WINDOWS\System32\Wbem;C:\WINDOWS\System32\WindowsPowerShell\v1.0\;C:\Program Files\Microsoft SQL Server\130\Tools\Binn\;C:\Program Files\MATLAB\R2012a\runtime\win64;C:\Program Files\MATLAB\R2012a\bin;C:\Program Files (x86)\PuTTY\;C:\Users\dmark\AppData\Local\Microsoft\WindowsApps;
USERNAME=dmark
OS=Windows_NT
PROCESSOR_IDENTIFIER=Intel64 Family 6 Model 42 Stepping 7, GenuineIntel



---------------  S Y S T E M  ---------------

OS: Windows NT 6.2 Build 9200 

CPU:total 2 (8 cores per cpu, 2 threads per core) family 6 model 42 stepping 7, cmov, cx8, fxsr, mmx, sse, sse2, sse3, ssse3, sse4.1, sse4.2, ht

Memory: 4k page, physical 4075112k(683104k free), swap 8523376k(1774456k free)

vm_info: Java HotSpot(TM) 64-Bit Server VM (14.3-b01) for windows-amd64 JRE (1.6.0_17-b04), built on Oct 11 2009 00:46:08 by "java_re" with MS VC++ 8.0

time: Fri Mar 31 12:02:13 2017
elapsed time: 8068 seconds

