#
# A fatal error has been detected by the Java Runtime Environment:
#
#  Internal Error (os_windows_x86.cpp:114), pid=9068, tid=6912
#  Error: guarantee(result == -1,"Unexpected result from topLevelExceptionFilter")
#
# JRE version: 6.0_17-b04
# Java VM: Java HotSpot(TM) 64-Bit Server VM (14.3-b01 mixed mode windows-amd64 )
# If you would like to submit a bug report, please visit:
#   http://java.sun.com/webapps/bugreport/crash.jsp
# The crash happened outside the Java Virtual Machine in native code.
# See problematic frame for where to report the bug.
#

---------------  T H R E A D  ---------------

Current thread (0x00000000144ec000):  JavaThread "main" [_thread_in_native, id=6912, stack(0x0000000000600000,0x0000000004600000)]

Stack: [0x0000000000600000,0x0000000004600000]
[error occurred during error reporting (printing stack bounds), id 0xc0000005]

Java frames: (J=compiled Java code, j=interpreted, Vv=VM code)
j  com.mathworks.jmi.NativeMatlab.ProcessPendingEvents()Z+0
j  com.mathworks.jmi.NativeMatlab.processPendingEvents()Z+8
j  com.mathworks.jmi.Matlab$ProcessPendingEvents.callBooleanMethod(Ljava/lang/Object;)Z+0
j  com.mathworks.util.FactoryUtils.processPendingEvents()Z+12
j  com.mathworks.widgets.desk.Desktop.canClose()Z+38
j  com.mathworks.mde.desk.MLDesktop.canClose()Z+113
j  com.mathworks.mde.desk.MLDesktop$2.call()Ljava/lang/Boolean;+4
j  com.mathworks.mde.desk.MLDesktop$2.call()Ljava/lang/Object;+1
j  com.mathworks.jmi.Matlab.isOkToExit()Z+54
v  ~StubRoutines::call_stub
j  com.mathworks.jmi.NativeMatlab.SendMatlabMessage(Ljava/lang/Object;)Ljava/lang/Object;+0
j  com.mathworks.jmi.NativeMatlab.sendMatlabMessage(Ljava/lang/Object;)Ljava/lang/Object;+22
j  com.mathworks.jmi.MatlabLooper.sendMatlabMessage(Lcom/mathworks/services/message/MWMessage;)Ljava/lang/Object;+20
j  com.mathworks.jmi.Matlab.mtFevalConsoleOutput(Ljava/lang/String;[Ljava/lang/Object;I)Ljava/lang/Object;+58
j  com.mathworks.mde.desk.MLDesktop$9.run()V+14
j  com.mathworks.jmi.NativeMatlab.dispatchMTRequests(Z)V+57
v  ~StubRoutines::call_stub

---------------  P R O C E S S  ---------------

Java Threads: ( => current thread )
  0x000000002ba39800 JavaThread "Timer-InstrumentReadWritePoll" [_thread_blocked, id=9448, stack(0x0000000005aa0000,0x0000000005b20000)]
  0x000000002ba3e000 JavaThread "BluecoveAsynchronousShutdownThread" daemon [_thread_blocked, id=10112, stack(0x00000000048d0000,0x0000000004950000)]
  0x000000002ba3d800 JavaThread "Timer-1" daemon [_thread_blocked, id=9504, stack(0x000000002cae0000,0x000000002cb60000)]
  0x000000002ba40000 JavaThread "TimerQueue" daemon [_thread_blocked, id=4712, stack(0x000000002c750000,0x000000002c7d0000)]
  0x000000002ba3f800 JavaThread "AWT-EventQueue-0" [_thread_blocked, id=9264, stack(0x000000002ce30000,0x000000002ceb0000)]
  0x000000002ba3b000 JavaThread "AWT-Shutdown" [_thread_blocked, id=6244, stack(0x000000002cdb0000,0x000000002ce30000)]
  0x0000000029027800 JavaThread "FelixPackageAdmin" daemon [_thread_blocked, id=8648, stack(0x000000002ccb0000,0x000000002cd30000)]
  0x0000000029026800 JavaThread "FelixStartLevel" daemon [_thread_blocked, id=6104, stack(0x000000002cc30000,0x000000002ccb0000)]
  0x000000002a7b3000 JavaThread "FelixDispatchQueue" daemon [_thread_blocked, id=9036, stack(0x000000002cbb0000,0x000000002cc30000)]
  0x000000002b42a800 JavaThread "com.google.common.base.internal.Finalizer" daemon [_thread_blocked, id=9316, stack(0x000000002c830000,0x000000002c8b0000)]
  0x000000002b575800 JavaThread "AWT-Windows" daemon [_thread_in_vm_trans, id=7208, stack(0x000000002c6b0000,0x000000002c730000)]
  0x000000002b513800 JavaThread "Java2D Disposer" daemon [_thread_blocked, id=5408, stack(0x000000002c5b0000,0x000000002c630000)]
  0x000000002b0a2000 JavaThread "Timer-0" [_thread_blocked, id=4928, stack(0x000000002bfd0000,0x000000002c050000)]
  0x000000002afc0800 JavaThread "EventMgr Dispatcher" daemon [_thread_in_native, id=10056, stack(0x0000000018f20000,0x000000001cf20000)]
  0x0000000028f91000 JavaThread "Low Memory Detector" daemon [_thread_blocked, id=4364, stack(0x00000000292a0000,0x0000000029320000)]
  0x0000000028f8f800 JavaThread "CompilerThread1" daemon [_thread_blocked, id=5976, stack(0x0000000066cf0000,0x000000006acf0000)]
  0x0000000028f86000 JavaThread "CompilerThread0" daemon [_thread_blocked, id=1092, stack(0x0000000062cf0000,0x0000000066cf0000)]
  0x0000000028f7f000 JavaThread "Attach Listener" daemon [_thread_blocked, id=7628, stack(0x0000000029220000,0x00000000292a0000)]
  0x0000000028f4a800 JavaThread "Finalizer" daemon [_thread_blocked, id=5220, stack(0x00000000291a0000,0x0000000029220000)]
  0x0000000028f44800 JavaThread "Reference Handler" daemon [_thread_blocked, id=7524, stack(0x0000000029120000,0x00000000291a0000)]
=>0x00000000144ec000 JavaThread "main" [_thread_in_native, id=6912, stack(0x0000000000600000,0x0000000004600000)]

Other Threads:
  0x00000000145dc000 VMThread [stack: 0x000000005ecf0000,0x0000000062cf0000] [id=5196]
  0x000000002900d800 WatcherThread [stack: 0x000000006acf0000,0x000000006ecf0000] [id=8540]

VM state:not at safepoint (normal execution)

VM Mutex/Monitor currently owned by a thread: None

Heap
 PSYoungGen      total 30912K, used 8526K [0x000000004d220000, 0x000000004fdb0000, 0x0000000050320000)
  eden space 18112K, 9% used [0x000000004d220000,0x000000004d3df568,0x000000004e3d0000)
  from space 12800K, 52% used [0x000000004f130000,0x000000004f7c4380,0x000000004fdb0000)
  to   space 13248K, 0% used [0x000000004e3d0000,0x000000004e3d0000,0x000000004f0c0000)
 PSOldGen        total 49152K, used 33113K [0x0000000043f20000, 0x0000000046f20000, 0x000000004d220000)
  object space 49152K, 67% used [0x0000000043f20000,0x0000000045f766b0,0x0000000046f20000)
 PSPermGen       total 48704K, used 48661K [0x000000003bf20000, 0x000000003eeb0000, 0x0000000043f20000)
  object space 48704K, 99% used [0x000000003bf20000,0x000000003eea5610,0x000000003eeb0000)

Dynamic libraries:
0x00007ff655230000 - 0x00007ff655262000 	C:\Program Files\MATLAB\R2012a\bin\win64\MATLAB.exe
0x00007ffa21710000 - 0x00007ffa218e1000 	C:\WINDOWS\SYSTEM32\ntdll.dll
0x00007ffa20f00000 - 0x00007ffa20fab000 	C:\WINDOWS\System32\KERNEL32.DLL
0x00007ffa1e100000 - 0x00007ffa1e31d000 	C:\WINDOWS\System32\KERNELBASE.dll
0x0000000073f70000 - 0x00000000740ad000 	C:\Program Files\MATLAB\R2012a\bin\win64\libmwfl.dll
0x0000000074460000 - 0x0000000074554000 	C:\Program Files\MATLAB\R2012a\bin\win64\libut.dll
0x000000007bed0000 - 0x000000007c183000 	C:\Program Files\MATLAB\R2012a\bin\win64\libmwservices.dll
0x0000000074970000 - 0x0000000074b06000 	C:\Program Files\MATLAB\R2012a\bin\win64\mcr.dll
0x00007ffa1ed60000 - 0x00007ffa1ed68000 	C:\WINDOWS\System32\PSAPI.DLL
0x00007ffa20320000 - 0x00007ffa203c2000 	C:\WINDOWS\System32\ADVAPI32.dll
0x00007ffa20e60000 - 0x00007ffa20efe000 	C:\WINDOWS\System32\msvcrt.dll
0x00007ffa20960000 - 0x00007ffa209b9000 	C:\WINDOWS\System32\sechost.dll
0x00007ffa215e0000 - 0x00007ffa21701000 	C:\WINDOWS\System32\RPCRT4.dll
0x00007ffa20720000 - 0x00007ffa20885000 	C:\WINDOWS\System32\USER32.dll
0x00007ffa1ec30000 - 0x00007ffa1ec4e000 	C:\WINDOWS\System32\win32u.dll
0x00007ffa20530000 - 0x00007ffa20564000 	C:\WINDOWS\System32\GDI32.dll
0x00007ffa1df70000 - 0x00007ffa1e0f2000 	C:\WINDOWS\System32\gdi32full.dll
0x00000000758a0000 - 0x0000000075952000 	C:\Program Files\MATLAB\R2012a\bin\win64\libmwi18n.dll
0x00007ffa1ed70000 - 0x00007ffa20279000 	C:\WINDOWS\System32\SHELL32.dll
0x00007ffa1ec50000 - 0x00007ffa1ec92000 	C:\WINDOWS\System32\cfgmgr32.dll
0x00007ffa1e550000 - 0x00007ffa1ec2a000 	C:\WINDOWS\System32\windows.storage.dll
0x00007ffa20b90000 - 0x00007ffa20e58000 	C:\WINDOWS\System32\combase.dll
0x00007ffa1dc00000 - 0x00007ffa1dcf5000 	C:\WINDOWS\System32\ucrtbase.dll
0x00007ffa1e320000 - 0x00007ffa1e38a000 	C:\WINDOWS\System32\bcryptPrimitives.dll
0x00007ffa1dba0000 - 0x00007ffa1dbec000 	C:\WINDOWS\System32\powrprof.dll
0x00007ffa1ed00000 - 0x00007ffa1ed52000 	C:\WINDOWS\System32\shlwapi.dll
0x00007ffa1dbf0000 - 0x00007ffa1dbff000 	C:\WINDOWS\System32\kernel.appcore.dll
0x00007ffa1e4a0000 - 0x00007ffa1e549000 	C:\WINDOWS\System32\shcore.dll
0x00007ffa1db70000 - 0x00007ffa1db84000 	C:\WINDOWS\System32\profapi.dll
0x00007ffa20fb0000 - 0x00007ffa210e7000 	C:\WINDOWS\System32\ole32.dll
0x0000000056c10000 - 0x0000000056ce3000 	C:\WINDOWS\WinSxS\amd64_microsoft.vc90.crt_1fc8b3b9a1e18e3b_9.0.30729.9247_none_08e394a1a83e212f\MSVCP90.dll
0x0000000056b60000 - 0x0000000056c03000 	C:\WINDOWS\WinSxS\amd64_microsoft.vc90.crt_1fc8b3b9a1e18e3b_9.0.30729.9247_none_08e394a1a83e212f\MSVCR90.dll
0x000000007a560000 - 0x000000007a569000 	C:\Program Files\MATLAB\R2012a\bin\win64\boost_system-vc90-mt-1_44.dll
0x00007ffa215c0000 - 0x00007ffa215dc000 	C:\WINDOWS\System32\imagehlp.dll
0x000000007a2d0000 - 0x000000007a2e2000 	C:\Program Files\MATLAB\R2012a\bin\win64\boost_thread-vc90-mt-1_44.dll
0x00000000569c0000 - 0x0000000056b31000 	C:\Program Files\MATLAB\R2012a\bin\win64\icuuc44.dll
0x0000000056b40000 - 0x0000000056b53000 	C:\Program Files\MATLAB\R2012a\bin\win64\icuio44.dll
0x0000000180000000 - 0x0000000180046000 	C:\Program Files\MATLAB\R2012a\bin\win64\tbb.dll
0x00007ffa10580000 - 0x00007ffa10712000 	C:\WINDOWS\SYSTEM32\dbghelp.dll
0x0000000075000000 - 0x000000007536b000 	C:\Program Files\MATLAB\R2012a\bin\win64\iqm.dll
0x0000000079fb0000 - 0x0000000079fe7000 	C:\Program Files\MATLAB\R2012a\bin\win64\libmwbridge.dll
0x0000000075a20000 - 0x0000000075ae2000 	C:\Program Files\MATLAB\R2012a\bin\win64\libmx.dll
0x0000000056990000 - 0x00000000569b5000 	C:\Program Files\MATLAB\R2012a\bin\win64\libmex.dll
0x00007ffa203d0000 - 0x00007ffa204ca000 	C:\WINDOWS\System32\COMDLG32.dll
0x00007ffa210f0000 - 0x00007ffa2115a000 	C:\WINDOWS\System32\WS2_32.dll
0x00007ffa20890000 - 0x00007ffa2094f000 	C:\WINDOWS\System32\OLEAUT32.dll
0x00007ffa1dd00000 - 0x00007ffa1dd9c000 	C:\WINDOWS\System32\msvcp_win.dll
0x0000000075f10000 - 0x0000000075f5d000 	C:\Program Files\MATLAB\R2012a\bin\win64\mpath.dll
0x000000007b680000 - 0x000000007bbe1000 	C:\Program Files\MATLAB\R2012a\bin\win64\mlutil.dll
0x00000000568d0000 - 0x0000000056983000 	C:\Program Files\MATLAB\R2012a\bin\win64\m_dispatcher.dll
0x00000000563f0000 - 0x0000000056669000 	C:\Program Files\MATLAB\R2012a\bin\win64\mcos.dll
0x0000000056770000 - 0x00000000568c2000 	C:\Program Files\MATLAB\R2012a\bin\win64\libmwgui.dll
0x0000000055980000 - 0x0000000056323000 	C:\Program Files\MATLAB\R2012a\bin\win64\hg.dll
0x0000000056670000 - 0x000000005676d000 	C:\Program Files\MATLAB\R2012a\bin\win64\hgutils.dll
0x0000000055150000 - 0x0000000055971000 	C:\Program Files\MATLAB\R2012a\bin\win64\m_interpreter.dll
0x0000000075710000 - 0x00000000757c1000 	C:\Program Files\MATLAB\R2012a\bin\win64\jmi.dll
0x0000000056330000 - 0x00000000563ed000 	C:\Program Files\MATLAB\R2012a\bin\win64\udd_mi.dll
0x0000000010af0000 - 0x0000000010de6000 	C:\Program Files\MATLAB\R2012a\bin\win64\libmwMATLAB_res.dll
0x00000000107d0000 - 0x0000000010a9a000 	C:\Program Files\MATLAB\R2012a\bin\win64\uiw.dll
0x0000000055130000 - 0x0000000055150000 	C:\Program Files\MATLAB\R2012a\bin\win64\mwoles05.DLL
0x00000000550a0000 - 0x000000005511c000 	C:\Program Files\MATLAB\R2012a\bin\win64\comcli.dll
0x0000000055120000 - 0x000000005512c000 	C:\Program Files\MATLAB\R2012a\bin\win64\mlautoregister.dll
0x000000007a3b0000 - 0x000000007a3c0000 	C:\Program Files\MATLAB\R2012a\bin\win64\boost_date_time-vc90-mt-1_44.dll
0x000000007a170000 - 0x000000007a19c000 	C:\Program Files\MATLAB\R2012a\bin\win64\boost_filesystem-vc90-mt-1_44.dll
0x0000000010ea0000 - 0x0000000010eb0000 	C:\Program Files\MATLAB\R2012a\bin\win64\boost_iostreams-vc90-mt-1_44.dll
0x0000000010e30000 - 0x0000000010e77000 	C:\Program Files\MATLAB\R2012a\bin\win64\boost_serialization-vc90-mt-1_44.dll
0x0000000010ec0000 - 0x0000000010ecb000 	C:\Program Files\MATLAB\R2012a\bin\win64\libmwresource_core.dll
0x000000007a250000 - 0x000000007a263000 	C:\Program Files\MATLAB\R2012a\bin\win64\boost_signals-vc90-mt-1_44.dll
0x000000007a010000 - 0x000000007a035000 	C:\Program Files\MATLAB\R2012a\bin\win64\LIBEXPAT.dll
0x0000000054ea0000 - 0x0000000055091000 	C:\Program Files\MATLAB\R2012a\bin\win64\icuin44.dll
0x0000000054dd0000 - 0x0000000054e98000 	C:\Program Files\MATLAB\R2012a\bin\win64\udd.dll
0x00000000110c0000 - 0x0000000011f01000 	C:\Program Files\MATLAB\R2012a\bin\win64\icudt44.dll
0x0000000010f10000 - 0x0000000010f31000 	C:\Program Files\MATLAB\R2012a\bin\win64\libmwmfl_scalar.dll
0x0000000010f50000 - 0x0000000010f6a000 	C:\Program Files\MATLAB\R2012a\bin\win64\libmwMATLAB_settings_res.dll
0x00007ffa12000000 - 0x00007ffa120ac000 	C:\WINDOWS\WinSxS\amd64_microsoft.windows.common-controls_6595b64144ccf1df_5.82.14393.447_none_0d5aa7fbb6d35646\COMCTL32.dll
0x00007ffa10a10000 - 0x00007ffa10a28000 	C:\WINDOWS\SYSTEM32\NETAPI32.dll
0x000000007a210000 - 0x000000007a228000 	C:\Program Files\MATLAB\R2012a\bin\win64\zlib1.dll
0x0000000054d50000 - 0x0000000054dcf000 	C:\Program Files\MATLAB\R2012a\bin\win64\xmlcore.dll
0x0000000074880000 - 0x000000007496d000 	C:\Program Files\MATLAB\R2012a\bin\win64\boost_regex-vc90-mt-1_44.dll
0x000000007bc30000 - 0x000000007be83000 	C:\Program Files\MATLAB\R2012a\bin\win64\xerces-c_2_7.dll
0x0000000054d30000 - 0x0000000054d47000 	C:\Program Files\MATLAB\R2012a\bin\win64\graphics_util.dll
0x0000000054ad0000 - 0x0000000054cdc000 	C:\Program Files\MATLAB\R2012a\bin\win64\hgdatatypes.dll
0x0000000010fc0000 - 0x0000000010fce000 	C:\Program Files\MATLAB\R2012a\bin\win64\nativejava_services.dll
0x0000000054ce0000 - 0x0000000054d22000 	C:\Program Files\MATLAB\R2012a\bin\win64\libmwhardcopy.dll
0x00000000545d0000 - 0x00000000545df000 	C:\Program Files\MATLAB\R2012a\bin\win64\uinone.dll
0x0000000054570000 - 0x00000000545ca000 	C:\Program Files\MATLAB\R2012a\bin\win64\libuij.dll
0x00007ffa0cfc0000 - 0x00007ffa0cfdb000 	C:\WINDOWS\SYSTEM32\MPR.dll
0x00000000545e0000 - 0x0000000054ac4000 	C:\WINDOWS\WinSxS\amd64_microsoft.vc90.mfc_1fc8b3b9a1e18e3b_9.0.30729.4148_none_04480933ab2137b1\mfc90.dll
0x00007ffa15b40000 - 0x00007ffa15bc5000 	C:\WINDOWS\SYSTEM32\WINSPOOL.DRV
0x0000000076100000 - 0x0000000076167000 	C:\Program Files\MATLAB\R2012a\bin\win64\libmat.dll
0x00000000544e0000 - 0x0000000054566000 	C:\Program Files\MATLAB\R2012a\bin\win64\libmwlapack.dll
0x0000000011070000 - 0x00000000110ab000 	C:\Program Files\MATLAB\R2012a\bin\win64\libmwgbtutils.dll
0x0000000011040000 - 0x0000000011059000 	C:\Program Files\MATLAB\R2012a\bin\win64\libmwgbt.dll
0x0000000054450000 - 0x00000000544d4000 	C:\Program Files\MATLAB\R2012a\bin\win64\profiler.dll
0x0000000011ff0000 - 0x0000000012245000 	C:\Program Files\MATLAB\R2012a\bin\win64\libmwmathutil.dll
0x0000000079f40000 - 0x0000000079f6d000 	C:\Program Files\MATLAB\R2012a\bin\win64\libmwmathrng.dll
0x0000000054420000 - 0x0000000054441000 	C:\Program Files\MATLAB\R2012a\bin\win64\m_pcodeio.dll
0x0000000079b10000 - 0x0000000079b77000 	C:\Program Files\MATLAB\R2012a\bin\win64\m_ir.dll
0x0000000053d30000 - 0x0000000054380000 	C:\Program Files\MATLAB\R2012a\bin\win64\m_parser.dll
0x00000000543e0000 - 0x0000000054411000 	C:\Program Files\MATLAB\R2012a\bin\win64\m_pcodegen.dll
0x0000000011f70000 - 0x0000000011fdb000 	C:\Program Files\MATLAB\R2012a\bin\win64\libmwspmatrix.dll
0x00000000543b0000 - 0x00000000543df000 	C:\WINDOWS\WinSxS\amd64_microsoft.vc90.atl_1fc8b3b9a1e18e3b_9.0.30729.4148_none_0a1d2fcba76b3f00\ATL90.DLL
0x00007ffa121f0000 - 0x00007ffa121f7000 	C:\WINDOWS\SYSTEM32\MSIMG32.dll
0x00007ffa1dab0000 - 0x00007ffa1dadb000 	C:\WINDOWS\SYSTEM32\bcrypt.dll
0x0000000072d30000 - 0x0000000072f44000 	C:\Program Files\MATLAB\R2012a\bin\win64\hdf5dll.dll
0x0000000054380000 - 0x0000000054392000 	C:\Program Files\MATLAB\R2012a\bin\win64\libmwbinder.dll
0x00000000543a0000 - 0x00000000543ab000 	C:\Program Files\MATLAB\R2012a\bin\win64\libmwompwrapper.dll
0x0000000074c10000 - 0x0000000074ced000 	C:\Program Files\MATLAB\R2012a\bin\win64\libmwmathcore.dll
0x0000000075ea0000 - 0x0000000075f02000 	C:\Program Files\MATLAB\R2012a\bin\win64\libmwcholmod.dll
0x0000000053d00000 - 0x0000000053d1a000 	C:\Program Files\MATLAB\R2012a\bin\win64\ir_xfmr.dll
0x0000000053d20000 - 0x0000000053d2c000 	C:\Program Files\MATLAB\R2012a\bin\win64\mtok.dll
0x000000007a460000 - 0x000000007a46d000 	C:\Program Files\MATLAB\R2012a\bin\win64\libmwamd.dll
0x000000007a4b0000 - 0x000000007a4bc000 	C:\Program Files\MATLAB\R2012a\bin\win64\libmwcolamd.dll
0x0000000053ce0000 - 0x0000000053cf9000 	C:\Program Files\MATLAB\R2012a\bin\win64\libmwblas.dll
0x00007ffa21160000 - 0x00007ffa2118e000 	C:\WINDOWS\System32\IMM32.DLL
0x00007ffa1c360000 - 0x00007ffa1c3f5000 	C:\WINDOWS\SYSTEM32\UxTheme.dll
0x00007ffa1bb60000 - 0x00007ffa1bb86000 	C:\WINDOWS\SYSTEM32\dwmapi.dll
0x00000000123d0000 - 0x00000000123f9000 	C:\Program Files\MATLAB\R2012a\bin\win64\tbbmalloc.dll
0x00007ffa20a30000 - 0x00007ffa20b8b000 	C:\WINDOWS\System32\MSCTF.dll
0x0000000078870000 - 0x0000000078ecd000 	C:\Program Files\MATLAB\R2012a\sys\java\jre\win64\jre\bin\server\jvm.dll
0x00007ffa1b870000 - 0x00007ffa1b893000 	C:\WINDOWS\SYSTEM32\WINMM.dll
0x00007ffa1b840000 - 0x00007ffa1b86b000 	C:\WINDOWS\SYSTEM32\WINMMBASE.dll
0x00007ffa1d1d0000 - 0x00007ffa1d208000 	C:\WINDOWS\SYSTEM32\iphlpapi.dll
0x00007ffa1d220000 - 0x00007ffa1d2c0000 	C:\WINDOWS\SYSTEM32\DNSAPI.dll
0x00007ffa20570000 - 0x00007ffa20578000 	C:\WINDOWS\System32\NSI.dll
0x00007ffa15fd0000 - 0x00007ffa15fe6000 	C:\WINDOWS\SYSTEM32\dhcpcsvc6.DLL
0x00007ffa16320000 - 0x00007ffa1633a000 	C:\WINDOWS\SYSTEM32\dhcpcsvc.DLL
0x00007ffa17f50000 - 0x00007ffa17f5b000 	C:\WINDOWS\SYSTEM32\WINNSI.DLL

VM Arguments:
jvm_args: -Xss512k -XX:PermSize=32m -Xms64m -XX:NewRatio=3 -XX:MaxPermSize=128m -Xmx196m -XX:MaxDirectMemorySize=2147400000 -Dsun.java2d.noddraw=true -Dsun.awt.nopixfmt=true -Xshare:off -Xrs -Dsun.awt.disableMixing=true -Djava.library.path=C:\Program Files\MATLAB\R2012a\bin\win64 vfprintf abort 
java_command: <unknown>
Launcher Type: generic

Environment Variables:
PATH=C:\WINDOWS\system32;C:\WINDOWS;C:\WINDOWS\System32\Wbem;C:\WINDOWS\System32\WindowsPowerShell\v1.0\;C:\Program Files\Microsoft SQL Server\130\Tools\Binn\;C:\Program Files\MATLAB\R2012a\runtime\win64;C:\Program Files\MATLAB\R2012a\bin;C:\Program Files (x86)\PuTTY\;C:\Users\dmark\AppData\Local\Microsoft\WindowsApps;
USERNAME=dmark
OS=Windows_NT
PROCESSOR_IDENTIFIER=Intel64 Family 6 Model 42 Stepping 7, GenuineIntel



---------------  S Y S T E M  ---------------

OS: Windows NT 6.2 Build 9200 

CPU:total 2 (8 cores per cpu, 2 threads per core) family 6 model 42 stepping 7, cmov, cx8, fxsr, mmx, sse, sse2, sse3, ssse3, sse4.1, sse4.2, ht

Memory: 4k page, physical 4075112k(819576k free), swap 6565480k(1916528k free)

vm_info: Java HotSpot(TM) 64-Bit Server VM (14.3-b01) for windows-amd64 JRE (1.6.0_17-b04), built on Oct 11 2009 00:46:08 by "java_re" with MS VC++ 8.0

time: Thu Mar 02 00:56:28 2017
elapsed time: 818 seconds

