#
# A fatal error has been detected by the Java Runtime Environment:
#
#  Internal Error (os_windows_x86.cpp:114), pid=3896, tid=10232
#  Error: guarantee(result == -1,"Unexpected result from topLevelExceptionFilter")
#
# JRE version: 6.0_17-b04
# Java VM: Java HotSpot(TM) 64-Bit Server VM (14.3-b01 mixed mode windows-amd64 )
# If you would like to submit a bug report, please visit:
#   http://java.sun.com/webapps/bugreport/crash.jsp
# The crash happened outside the Java Virtual Machine in native code.
# See problematic frame for where to report the bug.
#

---------------  T H R E A D  ---------------

Current thread (0x000000000a2ac000):  JavaThread "main" [_thread_in_native, id=10232, stack(0x0000000000800000,0x0000000004800000)]

Stack: [0x0000000000800000,0x0000000004800000]
[error occurred during error reporting (printing stack bounds), id 0xc0000005]

Java frames: (J=compiled Java code, j=interpreted, Vv=VM code)
j  com.mathworks.jmi.NativeMatlab.ProcessPendingEvents()Z+0
j  com.mathworks.jmi.NativeMatlab.processPendingEvents()Z+8
j  com.mathworks.jmi.Matlab$ProcessPendingEvents.callBooleanMethod(Ljava/lang/Object;)Z+0
j  com.mathworks.util.FactoryUtils.processPendingEvents()Z+12
j  com.mathworks.mde.desk.MLDesktop.canClose()Z+84
j  com.mathworks.mde.desk.MLDesktop$2.call()Ljava/lang/Boolean;+4
j  com.mathworks.mde.desk.MLDesktop$2.call()Ljava/lang/Object;+1
j  com.mathworks.jmi.Matlab.isOkToExit()Z+54
v  ~StubRoutines::call_stub
j  com.mathworks.jmi.NativeMatlab.SendMatlabMessage(Ljava/lang/Object;)Ljava/lang/Object;+0
j  com.mathworks.jmi.NativeMatlab.sendMatlabMessage(Ljava/lang/Object;)Ljava/lang/Object;+22
j  com.mathworks.jmi.MatlabLooper.sendMatlabMessage(Lcom/mathworks/services/message/MWMessage;)Ljava/lang/Object;+20
j  com.mathworks.jmi.Matlab.mtFevalConsoleOutput(Ljava/lang/String;[Ljava/lang/Object;I)Ljava/lang/Object;+58
j  com.mathworks.mde.desk.MLDesktop$9.run()V+14
j  com.mathworks.jmi.NativeMatlab.dispatchMTRequests(Z)V+57
v  ~StubRoutines::call_stub

---------------  P R O C E S S  ---------------

Java Threads: ( => current thread )
  0x0000000021640000 JavaThread "Image Fetcher 0" daemon [_thread_blocked, id=8600, stack(0x0000000013410000,0x0000000013490000)]
  0x0000000021640800 JavaThread "Timer-InstrumentReadWritePoll" [_thread_blocked, id=8656, stack(0x000000000aac0000,0x000000000ab40000)]
  0x0000000021645000 JavaThread "BluecoveAsynchronousShutdownThread" daemon [_thread_blocked, id=8184, stack(0x000000000a840000,0x000000000a8c0000)]
  0x0000000021ad6000 JavaThread "Active Reference Queue Daemon" daemon [_thread_blocked, id=1404, stack(0x000000002d0f0000,0x000000002d170000)]
  0x0000000021ad8800 JavaThread "Timer-63" daemon [_thread_blocked, id=9896, stack(0x000000002d070000,0x000000002d0f0000)]
  0x0000000021ada000 JavaThread "Prefs Updater" daemon [_thread_blocked, id=4324, stack(0x000000002cff0000,0x000000002d070000)]
  0x0000000021ad6800 JavaThread "Explorer NavigationContext request queue" [_thread_blocked, id=5096, stack(0x000000002c2f0000,0x000000002c370000)]
  0x0000000021adb000 JavaThread "AddressBar directory emptiness poller" [_thread_blocked, id=10132, stack(0x000000002c1f0000,0x000000002c270000)]
  0x0000000021adc800 JavaThread "Timer-3" [_thread_blocked, id=1164, stack(0x000000002c0f0000,0x000000002c170000)]
  0x0000000021adb800 JavaThread "Timer-1" daemon [_thread_blocked, id=5616, stack(0x0000000071a90000,0x0000000071b10000)]
  0x0000000021ad9800 JavaThread "TimerQueue" daemon [_thread_blocked, id=1272, stack(0x00000000229a0000,0x0000000022a20000)]
  0x0000000021ad7000 JavaThread "AWT-EventQueue-0" [_thread_blocked, id=6628, stack(0x000000006e570000,0x000000006e5f0000)]
  0x0000000021ad8000 JavaThread "AWT-Shutdown" [_thread_blocked, id=7184, stack(0x000000006e4f0000,0x000000006e570000)]
  0x00000000215f3800 JavaThread "FelixPackageAdmin" daemon [_thread_blocked, id=5172, stack(0x000000006e2f0000,0x000000006e370000)]
  0x00000000215f2800 JavaThread "FelixStartLevel" daemon [_thread_blocked, id=5516, stack(0x000000006e270000,0x000000006e2f0000)]
  0x00000000215b9800 JavaThread "FelixDispatchQueue" daemon [_thread_blocked, id=8268, stack(0x000000006e1f0000,0x000000006e270000)]
  0x00000000210b9000 JavaThread "com.google.common.base.internal.Finalizer" daemon [_thread_blocked, id=5740, stack(0x0000000022aa0000,0x0000000022b20000)]
  0x0000000021786800 JavaThread "AWT-Windows" daemon [_thread_in_native, id=8232, stack(0x0000000022920000,0x00000000229a0000)]
  0x0000000021589800 JavaThread "Java2D Disposer" daemon [_thread_blocked, id=8392, stack(0x0000000022820000,0x00000000228a0000)]
  0x0000000020a85800 JavaThread "Timer-0" [_thread_blocked, id=9140, stack(0x0000000022260000,0x00000000222e0000)]
  0x000000002091c000 JavaThread "EventMgr Dispatcher" daemon [_thread_in_native, id=1812, stack(0x000000000ebf0000,0x0000000012bf0000)]
  0x0000000020131000 JavaThread "Low Memory Detector" daemon [_thread_blocked, id=2468, stack(0x0000000020440000,0x00000000204c0000)]
  0x000000002012d800 JavaThread "CompilerThread1" daemon [_thread_blocked, id=6016, stack(0x0000000055ff0000,0x0000000059ff0000)]
  0x0000000020126000 JavaThread "CompilerThread0" daemon [_thread_in_native, id=316, stack(0x0000000051ff0000,0x0000000055ff0000)]
  0x000000002011f000 JavaThread "Attach Listener" daemon [_thread_blocked, id=6564, stack(0x00000000203c0000,0x0000000020440000)]
  0x00000000200ea800 JavaThread "Finalizer" daemon [_thread_blocked, id=12024, stack(0x0000000020340000,0x00000000203c0000)]
  0x00000000200e4800 JavaThread "Reference Handler" daemon [_thread_blocked, id=11356, stack(0x00000000202c0000,0x0000000020340000)]
=>0x000000000a2ac000 JavaThread "main" [_thread_in_native, id=10232, stack(0x0000000000800000,0x0000000004800000)]

Other Threads:
  0x000000000a39c000 VMThread [stack: 0x000000004dff0000,0x0000000051ff0000] [id=2300]
  0x0000000020152000 WatcherThread [stack: 0x0000000059ff0000,0x000000005dff0000] [id=3428]

VM state:not at safepoint (normal execution)

VM Mutex/Monitor currently owned by a thread: None

Heap
 PSYoungGen      total 49856K, used 26318K [0x0000000042ef0000, 0x0000000045ff0000, 0x0000000045ff0000)
  eden space 49536K, 53% used [0x0000000042ef0000,0x00000000448a3a18,0x0000000045f50000)
  from space 320K, 0% used [0x0000000045f50000,0x0000000045f50000,0x0000000045fa0000)
  to   space 320K, 0% used [0x0000000045fa0000,0x0000000045fa0000,0x0000000045ff0000)
 PSOldGen        total 61632K, used 45840K [0x0000000039bf0000, 0x000000003d820000, 0x0000000042ef0000)
  object space 61632K, 74% used [0x0000000039bf0000,0x000000003c8b4298,0x000000003d820000)
 PSPermGen       total 120320K, used 60224K [0x0000000031bf0000, 0x0000000039170000, 0x0000000039bf0000)
  object space 120320K, 50% used [0x0000000031bf0000,0x00000000356c03e0,0x0000000039170000)

Dynamic libraries:
0x00007ff691ba0000 - 0x00007ff691bd2000 	C:\Program Files\MATLAB\R2012a\bin\win64\MATLAB.exe
0x00007ff94f3f0000 - 0x00007ff94f5c1000 	C:\WINDOWS\SYSTEM32\ntdll.dll
0x00007ff94cc80000 - 0x00007ff94cd2b000 	C:\WINDOWS\System32\KERNEL32.DLL
0x00007ff945850000 - 0x00007ff945883000 	C:\Program Files\AVAST Software\Avast\x64\aswhooka.dll
0x00007ff94c760000 - 0x00007ff94c97d000 	C:\WINDOWS\System32\KERNELBASE.dll
0x0000000074460000 - 0x0000000074554000 	C:\Program Files\MATLAB\R2012a\bin\win64\libut.dll
0x00007ff94d680000 - 0x00007ff94d688000 	C:\WINDOWS\System32\PSAPI.DLL
0x00007ff94db10000 - 0x00007ff94dbb2000 	C:\WINDOWS\System32\ADVAPI32.dll
0x00007ff94d430000 - 0x00007ff94d4ce000 	C:\WINDOWS\System32\msvcrt.dll
0x00007ff94c980000 - 0x00007ff94c9d9000 	C:\WINDOWS\System32\sechost.dll
0x00007ff94c9e0000 - 0x00007ff94cb01000 	C:\WINDOWS\System32\RPCRT4.dll
0x00007ff94cb10000 - 0x00007ff94cc75000 	C:\WINDOWS\System32\USER32.dll
0x00007ff94c470000 - 0x00007ff94c48e000 	C:\WINDOWS\System32\win32u.dll
0x00007ff94d3f0000 - 0x00007ff94d424000 	C:\WINDOWS\System32\GDI32.dll
0x00007ff94c2e0000 - 0x00007ff94c462000 	C:\WINDOWS\System32\gdi32full.dll
0x0000000073f70000 - 0x00000000740ad000 	C:\Program Files\MATLAB\R2012a\bin\win64\libmwfl.dll
0x00007ff94ddc0000 - 0x00007ff94dddc000 	C:\WINDOWS\System32\imagehlp.dll
0x00007ff94c190000 - 0x00007ff94c285000 	C:\WINDOWS\System32\ucrtbase.dll
0x000000007bed0000 - 0x000000007c183000 	C:\Program Files\MATLAB\R2012a\bin\win64\libmwservices.dll
0x00007ff94d190000 - 0x00007ff94d28a000 	C:\WINDOWS\System32\COMDLG32.dll
0x00007ff94d7d0000 - 0x00007ff94da98000 	C:\WINDOWS\System32\combase.dll
0x00007ff94c120000 - 0x00007ff94c18a000 	C:\WINDOWS\System32\bcryptPrimitives.dll
0x00007ff94b8e0000 - 0x00007ff94b989000 	C:\WINDOWS\System32\shcore.dll
0x00007ff94f390000 - 0x00007ff94f3e2000 	C:\WINDOWS\System32\SHLWAPI.dll
0x00007ff94dde0000 - 0x00007ff94f2e9000 	C:\WINDOWS\System32\SHELL32.dll
0x00007ff94c290000 - 0x00007ff94c2d2000 	C:\WINDOWS\System32\cfgmgr32.dll
0x00007ff94b990000 - 0x00007ff94c06a000 	C:\WINDOWS\System32\windows.storage.dll
0x00007ff94b860000 - 0x00007ff94b8ac000 	C:\WINDOWS\System32\powrprof.dll
0x00007ff94b8b0000 - 0x00007ff94b8bf000 	C:\WINDOWS\System32\kernel.appcore.dll
0x00007ff94b8c0000 - 0x00007ff94b8d4000 	C:\WINDOWS\System32\profapi.dll
0x00007ff94dd50000 - 0x00007ff94ddba000 	C:\WINDOWS\System32\WS2_32.dll
0x00007ff94d690000 - 0x00007ff94d7c7000 	C:\WINDOWS\System32\ole32.dll
0x00007ff94dc20000 - 0x00007ff94dcdf000 	C:\WINDOWS\System32\OLEAUT32.dll
0x00007ff94c490000 - 0x00007ff94c52c000 	C:\WINDOWS\System32\msvcp_win.dll
0x0000000074970000 - 0x0000000074b06000 	C:\Program Files\MATLAB\R2012a\bin\win64\mcr.dll
0x00000000758a0000 - 0x0000000075952000 	C:\Program Files\MATLAB\R2012a\bin\win64\libmwi18n.dll
0x0000000075a50000 - 0x0000000075b23000 	C:\WINDOWS\WinSxS\amd64_microsoft.vc90.crt_1fc8b3b9a1e18e3b_9.0.30729.9247_none_08e394a1a83e212f\MSVCP90.dll
0x00000000759a0000 - 0x0000000075a43000 	C:\WINDOWS\WinSxS\amd64_microsoft.vc90.crt_1fc8b3b9a1e18e3b_9.0.30729.9247_none_08e394a1a83e212f\MSVCR90.dll
0x000000007a560000 - 0x000000007a569000 	C:\Program Files\MATLAB\R2012a\bin\win64\boost_system-vc90-mt-1_44.dll
0x000000007a2d0000 - 0x000000007a2e2000 	C:\Program Files\MATLAB\R2012a\bin\win64\boost_thread-vc90-mt-1_44.dll
0x00000000049e0000 - 0x0000000004b51000 	C:\Program Files\MATLAB\R2012a\bin\win64\icuuc44.dll
0x0000000075800000 - 0x0000000075813000 	C:\Program Files\MATLAB\R2012a\bin\win64\icuio44.dll
0x0000000180000000 - 0x0000000180046000 	C:\Program Files\MATLAB\R2012a\bin\win64\tbb.dll
0x00007ff93e030000 - 0x00007ff93e1c2000 	C:\WINDOWS\SYSTEM32\dbghelp.dll
0x0000000004830000 - 0x000000000483b000 	C:\Program Files\MATLAB\R2012a\bin\win64\libmwresource_core.dll
0x0000000004b60000 - 0x0000000004e56000 	C:\Program Files\MATLAB\R2012a\bin\win64\libmwMATLAB_res.dll
0x000000007a3b0000 - 0x000000007a3c0000 	C:\Program Files\MATLAB\R2012a\bin\win64\boost_date_time-vc90-mt-1_44.dll
0x000000007a170000 - 0x000000007a19c000 	C:\Program Files\MATLAB\R2012a\bin\win64\boost_filesystem-vc90-mt-1_44.dll
0x000000007a250000 - 0x000000007a263000 	C:\Program Files\MATLAB\R2012a\bin\win64\boost_signals-vc90-mt-1_44.dll
0x0000000004e60000 - 0x0000000004f22000 	C:\Program Files\MATLAB\R2012a\bin\win64\libmx.dll
0x00000000048a0000 - 0x00000000048c1000 	C:\Program Files\MATLAB\R2012a\bin\win64\libmwmfl_scalar.dll
0x0000000075f10000 - 0x0000000075f5d000 	C:\Program Files\MATLAB\R2012a\bin\win64\mpath.dll
0x000000007b680000 - 0x000000007bbe1000 	C:\Program Files\MATLAB\R2012a\bin\win64\mlutil.dll
0x0000000004f50000 - 0x0000000004f6a000 	C:\Program Files\MATLAB\R2012a\bin\win64\libmwMATLAB_settings_res.dll
0x0000000004f80000 - 0x0000000004fc7000 	C:\Program Files\MATLAB\R2012a\bin\win64\boost_serialization-vc90-mt-1_44.dll
0x00007ff93f3e0000 - 0x00007ff93f48c000 	C:\WINDOWS\WinSxS\amd64_microsoft.windows.common-controls_6595b64144ccf1df_5.82.14393.447_none_0d5aa7fbb6d35646\COMCTL32.dll
0x00007ff93cb10000 - 0x00007ff93cb28000 	C:\WINDOWS\SYSTEM32\NETAPI32.dll
0x0000000075000000 - 0x000000007536b000 	C:\Program Files\MATLAB\R2012a\bin\win64\iqm.dll
0x0000000079fb0000 - 0x0000000079fe7000 	C:\Program Files\MATLAB\R2012a\bin\win64\libmwbridge.dll
0x00000000757d0000 - 0x00000000757f5000 	C:\Program Files\MATLAB\R2012a\bin\win64\libmex.dll
0x0000000075710000 - 0x00000000757c3000 	C:\Program Files\MATLAB\R2012a\bin\win64\m_dispatcher.dll
0x0000000075490000 - 0x0000000075709000 	C:\Program Files\MATLAB\R2012a\bin\win64\mcos.dll
0x0000000005030000 - 0x0000000005182000 	C:\Program Files\MATLAB\R2012a\bin\win64\libmwgui.dll
0x00000000051a0000 - 0x0000000005b43000 	C:\Program Files\MATLAB\R2012a\bin\win64\hg.dll
0x0000000005b60000 - 0x0000000005c5d000 	C:\Program Files\MATLAB\R2012a\bin\win64\hgutils.dll
0x0000000005c70000 - 0x0000000006491000 	C:\Program Files\MATLAB\R2012a\bin\win64\m_interpreter.dll
0x00000000064b0000 - 0x0000000006561000 	C:\Program Files\MATLAB\R2012a\bin\win64\jmi.dll
0x0000000006580000 - 0x000000000663d000 	C:\Program Files\MATLAB\R2012a\bin\win64\udd_mi.dll
0x0000000006650000 - 0x000000000691a000 	C:\Program Files\MATLAB\R2012a\bin\win64\uiw.dll
0x0000000006930000 - 0x0000000006950000 	C:\Program Files\MATLAB\R2012a\bin\win64\mwoles05.DLL
0x0000000073ef0000 - 0x0000000073f6c000 	C:\Program Files\MATLAB\R2012a\bin\win64\comcli.dll
0x0000000073ee0000 - 0x0000000073eec000 	C:\Program Files\MATLAB\R2012a\bin\win64\mlautoregister.dll
0x0000000006980000 - 0x0000000006990000 	C:\Program Files\MATLAB\R2012a\bin\win64\boost_iostreams-vc90-mt-1_44.dll
0x000000007a010000 - 0x000000007a035000 	C:\Program Files\MATLAB\R2012a\bin\win64\LIBEXPAT.dll
0x0000000073ce0000 - 0x0000000073ed1000 	C:\Program Files\MATLAB\R2012a\bin\win64\icuin44.dll
0x00000000069c0000 - 0x0000000007801000 	C:\Program Files\MATLAB\R2012a\bin\win64\icudt44.dll
0x000000007a210000 - 0x000000007a228000 	C:\Program Files\MATLAB\R2012a\bin\win64\zlib1.dll
0x0000000073c60000 - 0x0000000073cdf000 	C:\Program Files\MATLAB\R2012a\bin\win64\xmlcore.dll
0x000000007bc30000 - 0x000000007be83000 	C:\Program Files\MATLAB\R2012a\bin\win64\xerces-c_2_7.dll
0x0000000073b90000 - 0x0000000073c58000 	C:\Program Files\MATLAB\R2012a\bin\win64\udd.dll
0x0000000074880000 - 0x000000007496d000 	C:\Program Files\MATLAB\R2012a\bin\win64\boost_regex-vc90-mt-1_44.dll
0x0000000073b70000 - 0x0000000073b87000 	C:\Program Files\MATLAB\R2012a\bin\win64\graphics_util.dll
0x0000000076100000 - 0x0000000076167000 	C:\Program Files\MATLAB\R2012a\bin\win64\libmat.dll
0x0000000073b20000 - 0x0000000073b62000 	C:\Program Files\MATLAB\R2012a\bin\win64\libmwhardcopy.dll
0x0000000073ac0000 - 0x0000000073b1a000 	C:\Program Files\MATLAB\R2012a\bin\win64\libuij.dll
0x00000000738b0000 - 0x0000000073abc000 	C:\Program Files\MATLAB\R2012a\bin\win64\hgdatatypes.dll
0x0000000073820000 - 0x00000000738a6000 	C:\Program Files\MATLAB\R2012a\bin\win64\libmwlapack.dll
0x00000000078c0000 - 0x00000000078fb000 	C:\Program Files\MATLAB\R2012a\bin\win64\libmwgbtutils.dll
0x0000000007910000 - 0x0000000007929000 	C:\Program Files\MATLAB\R2012a\bin\win64\libmwgbt.dll
0x0000000073330000 - 0x0000000073814000 	C:\WINDOWS\WinSxS\amd64_microsoft.vc90.mfc_1fc8b3b9a1e18e3b_9.0.30729.6161_none_044aad0bab1eb146\mfc90.dll
0x00007ff945d20000 - 0x00007ff945da6000 	C:\WINDOWS\SYSTEM32\WINSPOOL.DRV
0x00000000732a0000 - 0x0000000073324000 	C:\Program Files\MATLAB\R2012a\bin\win64\profiler.dll
0x0000000007950000 - 0x0000000007ba5000 	C:\Program Files\MATLAB\R2012a\bin\win64\libmwmathutil.dll
0x0000000079f40000 - 0x0000000079f6d000 	C:\Program Files\MATLAB\R2012a\bin\win64\libmwmathrng.dll
0x0000000073270000 - 0x0000000073291000 	C:\Program Files\MATLAB\R2012a\bin\win64\m_pcodeio.dll
0x0000000079b10000 - 0x0000000079b77000 	C:\Program Files\MATLAB\R2012a\bin\win64\m_ir.dll
0x0000000072c20000 - 0x0000000073270000 	C:\Program Files\MATLAB\R2012a\bin\win64\m_parser.dll
0x0000000072be0000 - 0x0000000072c11000 	C:\Program Files\MATLAB\R2012a\bin\win64\m_pcodegen.dll
0x0000000007c10000 - 0x0000000007c7b000 	C:\Program Files\MATLAB\R2012a\bin\win64\libmwspmatrix.dll
0x0000000007c90000 - 0x0000000007c9e000 	C:\Program Files\MATLAB\R2012a\bin\win64\nativejava_services.dll
0x0000000072bd0000 - 0x0000000072bdf000 	C:\Program Files\MATLAB\R2012a\bin\win64\uinone.dll
0x00007ff9406a0000 - 0x00007ff9406bb000 	C:\WINDOWS\SYSTEM32\MPR.dll
0x0000000072ba0000 - 0x0000000072bcf000 	C:\WINDOWS\WinSxS\amd64_microsoft.vc90.atl_1fc8b3b9a1e18e3b_9.0.30729.6161_none_0a1fd3a3a768b895\ATL90.DLL
0x0000000007cc0000 - 0x0000000007ed4000 	C:\Program Files\MATLAB\R2012a\bin\win64\hdf5dll.dll
0x0000000072b80000 - 0x0000000072b92000 	C:\Program Files\MATLAB\R2012a\bin\win64\libmwbinder.dll
0x0000000072b70000 - 0x0000000072b7b000 	C:\Program Files\MATLAB\R2012a\bin\win64\libmwompwrapper.dll
0x00007ff93f490000 - 0x00007ff93f497000 	C:\WINDOWS\SYSTEM32\MSIMG32.dll
0x00007ff94b790000 - 0x00007ff94b7bb000 	C:\WINDOWS\SYSTEM32\bcrypt.dll
0x0000000074c10000 - 0x0000000074ced000 	C:\Program Files\MATLAB\R2012a\bin\win64\libmwmathcore.dll
0x0000000072b50000 - 0x0000000072b6a000 	C:\Program Files\MATLAB\R2012a\bin\win64\ir_xfmr.dll
0x0000000072b40000 - 0x0000000072b4c000 	C:\Program Files\MATLAB\R2012a\bin\win64\mtok.dll
0x0000000075ea0000 - 0x0000000075f02000 	C:\Program Files\MATLAB\R2012a\bin\win64\libmwcholmod.dll
0x000000007a460000 - 0x000000007a46d000 	C:\Program Files\MATLAB\R2012a\bin\win64\libmwamd.dll
0x000000007a4b0000 - 0x000000007a4bc000 	C:\Program Files\MATLAB\R2012a\bin\win64\libmwcolamd.dll
0x0000000072b20000 - 0x0000000072b39000 	C:\Program Files\MATLAB\R2012a\bin\win64\libmwblas.dll
0x00007ff94d160000 - 0x00007ff94d18e000 	C:\WINDOWS\System32\IMM32.DLL
0x00007ff949f90000 - 0x00007ff94a025000 	C:\WINDOWS\system32\UxTheme.dll
0x00007ff949be0000 - 0x00007ff949c06000 	C:\WINDOWS\system32\dwmapi.dll
0x0000000008010000 - 0x0000000008039000 	C:\Program Files\MATLAB\R2012a\bin\win64\tbbmalloc.dll
0x00007ff94d290000 - 0x00007ff94d3ea000 	C:\WINDOWS\System32\MSCTF.dll
0x0000000078870000 - 0x0000000078ecd000 	C:\Program Files\MATLAB\R2012a\sys\java\jre\win64\jre\bin\server\jvm.dll
0x00007ff949d00000 - 0x00007ff949d23000 	C:\WINDOWS\SYSTEM32\WINMM.dll
0x00007ff949ca0000 - 0x00007ff949ccb000 	C:\WINDOWS\SYSTEM32\WINMMBASE.dll
0x00007ff94aea0000 - 0x00007ff94aed8000 	C:\WINDOWS\SYSTEM32\iphlpapi.dll
0x00007ff94aef0000 - 0x00007ff94af91000 	C:\WINDOWS\SYSTEM32\DNSAPI.dll
0x00007ff94d4d0000 - 0x00007ff94d4d8000 	C:\WINDOWS\System32\NSI.dll
0x00007ff942480000 - 0x00007ff942496000 	C:\WINDOWS\SYSTEM32\dhcpcsvc6.DLL
0x00007ff945110000 - 0x00007ff94512a000 	C:\WINDOWS\SYSTEM32\dhcpcsvc.DLL

VM Arguments:
jvm_args: -Xss512k -XX:PermSize=32m -Xms64m -XX:NewRatio=3 -XX:MaxPermSize=128m -Xmx196m -XX:MaxDirectMemorySize=2147400000 -Dsun.java2d.noddraw=true -Dsun.awt.nopixfmt=true -Xshare:off -Xrs -Dsun.awt.disableMixing=true -Djava.library.path=C:\Program Files\MATLAB\R2012a\bin\win64 vfprintf abort 
java_command: <unknown>
Launcher Type: generic

Environment Variables:
PATH=C:\ProgramData\Oracle\Java\javapath;C:\WINDOWS\system32;C:\WINDOWS;C:\WINDOWS\System32\Wbem;C:\WINDOWS\System32\WindowsPowerShell\v1.0\;C:\Program Files\Microsoft SQL Server\130\Tools\Binn\;C:\Program Files\MATLAB\R2012a\runtime\win64;C:\Program Files\MATLAB\R2012a\bin;C:\Program Files (x86)\PuTTY\;C:\Users\dmark\AppData\Local\Microsoft\WindowsApps;
USERNAME=dmark
OS=Windows_NT
PROCESSOR_IDENTIFIER=Intel64 Family 6 Model 42 Stepping 7, GenuineIntel



---------------  S Y S T E M  ---------------

OS: Windows NT 6.2 Build 9200 

CPU:total 2 (8 cores per cpu, 2 threads per core) family 6 model 42 stepping 7, cmov, cx8, fxsr, mmx, sse, sse2, sse3, ssse3, sse4.1, sse4.2, ht

Memory: 4k page, physical 4075112k(1316524k free), swap 7127328k(3736564k free)

vm_info: Java HotSpot(TM) 64-Bit Server VM (14.3-b01) for windows-amd64 JRE (1.6.0_17-b04), built on Oct 11 2009 00:46:08 by "java_re" with MS VC++ 8.0

time: Fri Apr 14 18:05:39 2017
elapsed time: 21224 seconds

